nohup: ignoring input

╔══════════════════════════════════════════════════════════╗
║  P-EDCA Ratio Sweep (Parallel, Multi-Run Averaging)    ║
║  nSta = [2, 4, 6, 8, 10, 12, 14, 16, 18, 20, 22, 24, 26, 28, 30, 32, 34, 36, 38, 40, 42, 44, 46, 48, 50]
║  ratios = [0.0, 0.2, 0.4, 0.6, 0.8, 1.0]
║  dataRate = 1Mbps    simTime = 10.0s
║  runs = 10    workers = 20
║  binary = scratch/pedca_verification_nsta.cc
╚══════════════════════════════════════════════════════════╝

  Launching 25 nSta groups × 6 ratios × 10 runs = 1500 simulations
  (20 nSta groups in parallel)

  ✔ nSta= 2  ratio=0%  10/10 runs OK  elapsed=20.6s
  ✔ nSta= 2  ratio=20%  10/10 runs OK  elapsed=20.9s
  ✔ nSta= 2  ratio=40%  10/10 runs OK  elapsed=21.1s
  ✔ nSta= 2  ratio=60%  10/10 runs OK  elapsed=20.7s
  ✔ nSta= 2  ratio=80%  10/10 runs OK  elapsed=20.1s
  ✔ nSta= 2  ratio=100%  10/10 runs OK  elapsed=19.0s
  ✔ nSta= 4  ratio=0%  10/10 runs OK  elapsed=56.9s
  ✔ nSta= 4  ratio=20%  10/10 runs OK  elapsed=57.9s
  ✔ nSta= 4  ratio=40%  10/10 runs OK  elapsed=63.0s
  ✔ nSta= 4  ratio=60%  10/10 runs OK  elapsed=52.0s
  ✔ nSta= 4  ratio=80%  10/10 runs OK  elapsed=51.0s
  ✔ nSta= 4  ratio=100%  10/10 runs OK  elapsed=49.0s
  ✔ nSta= 6  ratio=0%  10/10 runs OK  elapsed=104.0s
  ✔ nSta= 6  ratio=20%  10/10 runs OK  elapsed=114.8s
  ✔ nSta= 6  ratio=40%  10/10 runs OK  elapsed=110.3s
  ✔ nSta= 6  ratio=60%  10/10 runs OK  elapsed=131.8s
  ✔ nSta= 6  ratio=80%  10/10 runs OK  elapsed=131.5s
  ✔ nSta= 6  ratio=100%  10/10 runs OK  elapsed=112.9s
  ✔ nSta= 8  ratio=0%  10/10 runs OK  elapsed=214.3s
  ✔ nSta= 8  ratio=20%  10/10 runs OK  elapsed=234.2s
  ✔ nSta= 8  ratio=40%  10/10 runs OK  elapsed=195.5s
  ✔ nSta= 8  ratio=60%  10/10 runs OK  elapsed=180.4s
  ✔ nSta= 8  ratio=80%  10/10 runs OK  elapsed=205.8s
  ✔ nSta= 8  ratio=100%  10/10 runs OK  elapsed=200.0s
  ✔ nSta=10  ratio=0%  10/10 runs OK  elapsed=352.3s
  ✔ nSta=10  ratio=20%  10/10 runs OK  elapsed=344.1s
  ✔ nSta=10  ratio=40%  10/10 runs OK  elapsed=300.3s
  ✔ nSta=10  ratio=60%  10/10 runs OK  elapsed=303.2s
  ✔ nSta=10  ratio=80%  10/10 runs OK  elapsed=316.2s
  ✔ nSta=10  ratio=100%  10/10 runs OK  elapsed=284.6s
  ✔ nSta=12  ratio=0%  10/10 runs OK  elapsed=399.7s
  ✔ nSta=12  ratio=20%  10/10 runs OK  elapsed=422.3s
  ✔ nSta=12  ratio=40%  10/10 runs OK  elapsed=407.0s
  ✔ nSta=12  ratio=60%  10/10 runs OK  elapsed=493.9s
  ✔ nSta=12  ratio=80%  10/10 runs OK  elapsed=438.2s
  ✔ nSta=12  ratio=100%  10/10 runs OK  elapsed=420.7s
  ✔ nSta=14  ratio=0%  10/10 runs OK  elapsed=624.9s
  ✔ nSta=14  ratio=20%  10/10 runs OK  elapsed=552.7s
  ✔ nSta=14  ratio=40%  10/10 runs OK  elapsed=595.1s
  ✔ nSta=14  ratio=60%  10/10 runs OK  elapsed=704.3s
  ✔ nSta=14  ratio=80%  10/10 runs OK  elapsed=556.5s
  ✔ nSta=14  ratio=100%  10/10 runs OK  elapsed=627.2s
  ✔ nSta=16  ratio=0%  10/10 runs OK  elapsed=801.0s
  ✔ nSta=16  ratio=20%  10/10 runs OK  elapsed=822.0s
  ✔ nSta=16  ratio=40%  10/10 runs OK  elapsed=686.9s
  ✔ nSta=16  ratio=60%  10/10 runs OK  elapsed=777.5s
  ✔ nSta=16  ratio=80%  10/10 runs OK  elapsed=884.1s
  ✔ nSta=16  ratio=100%  10/10 runs OK  elapsed=692.8s
  ✔ nSta=18  ratio=0%  10/10 runs OK  elapsed=1008.2s
  ✔ nSta=18  ratio=20%  10/10 runs OK  elapsed=974.7s
  ✔ nSta=18  ratio=40%  10/10 runs OK  elapsed=1070.1s
  ✔ nSta=18  ratio=60%  10/10 runs OK  elapsed=807.7s
  ✔ nSta=18  ratio=80%  10/10 runs OK  elapsed=773.3s
  ✔ nSta=18  ratio=100%  10/10 runs OK  elapsed=781.5s
  ✔ nSta=20  ratio=0%  10/10 runs OK  elapsed=1204.1s
  ✔ nSta=20  ratio=20%  10/10 runs OK  elapsed=1046.4s
  ✔ nSta=20  ratio=40%  10/10 runs OK  elapsed=1021.5s
  ✔ nSta=20  ratio=60%  10/10 runs OK  elapsed=1054.4s
  ✔ nSta=20  ratio=80%  10/10 runs OK  elapsed=858.7s
  ✔ nSta=20  ratio=100%  10/10 runs OK  elapsed=869.0s
  ✔ nSta=22  ratio=0%  10/10 runs OK  elapsed=1291.1s
  ✔ nSta=22  ratio=20%  10/10 runs OK  elapsed=1379.4s
  ✔ nSta=22  ratio=40%  10/10 runs OK  elapsed=1157.6s
  ✔ nSta=22  ratio=60%  10/10 runs OK  elapsed=984.7s
  ✔ nSta=22  ratio=80%  10/10 runs OK  elapsed=888.7s
  ✔ nSta=22  ratio=100%  10/10 runs OK  elapsed=855.8s
  ✔ nSta=24  ratio=0%  10/10 runs OK  elapsed=1493.0s
  ✔ nSta=24  ratio=20%  10/10 runs OK  elapsed=1449.8s
  ✔ nSta=24  ratio=40%  10/10 runs OK  elapsed=1195.8s
  ✔ nSta=24  ratio=60%  10/10 runs OK  elapsed=1095.6s
  ✔ nSta=24  ratio=80%  10/10 runs OK  elapsed=903.2s
  ✔ nSta=24  ratio=100%  10/10 runs OK  elapsed=930.8s
  ✔ nSta=26  ratio=0%  10/10 runs OK  elapsed=1309.7s
  ✔ nSta=26  ratio=20%  10/10 runs OK  elapsed=1440.7s
  ✔ nSta=26  ratio=40%  10/10 runs OK  elapsed=1404.8s
  ✔ nSta=26  ratio=60%  10/10 runs OK  elapsed=1391.2s
  ✔ nSta=26  ratio=80%  10/10 runs OK  elapsed=872.5s
  ✔ nSta=26  ratio=100%  10/10 runs OK  elapsed=897.2s
  ✔ nSta=28  ratio=0%  10/10 runs OK  elapsed=1651.6s
  ✔ nSta=28  ratio=20%  10/10 runs OK  elapsed=1625.7s
  ✔ nSta=28  ratio=40%  10/10 runs OK  elapsed=1234.1s
  ✔ nSta=28  ratio=60%  10/10 runs OK  elapsed=1500.1s
  ✔ nSta=28  ratio=80%  10/10 runs OK  elapsed=1061.0s
  ✔ nSta=28  ratio=100%  10/10 runs OK  elapsed=962.5s
  ✔ nSta=30  ratio=0%  10/10 runs OK  elapsed=1827.7s
  ✔ nSta=30  ratio=20%  10/10 runs OK  elapsed=1780.7s
  ✔ nSta=30  ratio=40%  10/10 runs OK  elapsed=1710.0s
  ✔ nSta=30  ratio=60%  10/10 runs OK  elapsed=1128.6s
  ✔ nSta=30  ratio=80%  10/10 runs OK  elapsed=1008.1s
  ✔ nSta=30  ratio=100%  10/10 runs OK  elapsed=1008.0s
  ✔ nSta=34  ratio=0%  10/10 runs OK  elapsed=1629.5s
  ✔ nSta=34  ratio=20%  10/10 runs OK  elapsed=1749.9s
  ✔ nSta=34  ratio=40%  10/10 runs OK  elapsed=1376.9s
  ✔ nSta=34  ratio=60%  10/10 runs OK  elapsed=1487.7s
  ✔ nSta=34  ratio=80%  10/10 runs OK  elapsed=1203.9s
  ✔ nSta=34  ratio=100%  10/10 runs OK  elapsed=1295.5s
  ✔ nSta=32  ratio=0%  10/10 runs OK  elapsed=1756.5s
  ✔ nSta=32  ratio=20%  10/10 runs OK  elapsed=1759.8s
  ✔ nSta=32  ratio=40%  10/10 runs OK  elapsed=1815.6s
  ✔ nSta=32  ratio=60%  10/10 runs OK  elapsed=1385.5s
  ✔ nSta=32  ratio=80%  10/10 runs OK  elapsed=1182.3s
  ✔ nSta=32  ratio=100%  10/10 runs OK  elapsed=1052.5s
  ✔ nSta=36  ratio=0%  10/10 runs OK  elapsed=2327.1s
  ✔ nSta=36  ratio=20%  10/10 runs OK  elapsed=2299.9s
  ✔ nSta=36  ratio=40%  10/10 runs OK  elapsed=1356.4s
  ✔ nSta=36  ratio=60%  10/10 runs OK  elapsed=1411.6s
  ✔ nSta=36  ratio=80%  10/10 runs OK  elapsed=1250.9s
  ✔ nSta=36  ratio=100%  10/10 runs OK  elapsed=988.5s
  ✔ nSta=40  ratio=0%  10/10 runs OK  elapsed=2191.8s
  ✔ nSta=40  ratio=20%  10/10 runs OK  elapsed=2209.0s
  ✔ nSta=40  ratio=40%  10/10 runs OK  elapsed=1903.0s
  ✔ nSta=40  ratio=60%  10/10 runs OK  elapsed=1339.6s
  ✔ nSta=40  ratio=80%  10/10 runs OK  elapsed=1147.9s
  ✔ nSta=40  ratio=100%  10/10 runs OK  elapsed=1026.5s
  ✔ nSta=38  ratio=0%  10/10 runs OK  elapsed=2481.6s
  ✔ nSta=38  ratio=20%  10/10 runs OK  elapsed=1938.7s
  ✔ nSta=38  ratio=40%  10/10 runs OK  elapsed=1716.2s
  ✔ nSta=38  ratio=60%  10/10 runs OK  elapsed=1374.8s
  ✔ nSta=38  ratio=80%  10/10 runs OK  elapsed=1413.4s
  ✔ nSta=38  ratio=100%  10/10 runs OK  elapsed=978.3s
  ✔ nSta=42  ratio=0%  10/10 runs OK  elapsed=2098.2s
  ✔ nSta=42  ratio=20%  10/10 runs OK  elapsed=1995.3s
  ✔ nSta=42  ratio=40%  10/10 runs OK  elapsed=2086.1s
  ✔ nSta=42  ratio=60%  10/10 runs OK  elapsed=1657.5s
  ✔ nSta=42  ratio=80%  10/10 runs OK  elapsed=1214.7s
  ✔ nSta=42  ratio=100%  10/10 runs OK  elapsed=1022.6s
  ✔ nSta=44  ratio=0%  10/10 runs OK  elapsed=2523.3s
  ✔ nSta=44  ratio=20%  10/10 runs OK  elapsed=2251.8s
  ✔ nSta=44  ratio=40%  10/10 runs OK  elapsed=1948.0s
  ✔ nSta=44  ratio=60%  10/10 runs OK  elapsed=1387.5s
  ✔ nSta=44  ratio=80%  10/10 runs OK  elapsed=1159.6s
  ✔ nSta=44  ratio=100%  10/10 runs OK  elapsed=978.6s
  ✔ nSta=46  ratio=0%  10/10 runs OK  elapsed=2958.2s
  ✔ nSta=46  ratio=20%  10/10 runs OK  elapsed=1781.3s
  ✔ nSta=46  ratio=40%  10/10 runs OK  elapsed=1542.2s
  ✔ nSta=46  ratio=60%  10/10 runs OK  elapsed=1628.5s
  ✔ nSta=46  ratio=80%  10/10 runs OK  elapsed=1219.6s
  ✔ nSta=46  ratio=100%  10/10 runs OK  elapsed=978.5s
  ✔ nSta=48  ratio=0%  10/10 runs OK  elapsed=2611.0s
  ✔ nSta=48  ratio=20%  10/10 runs OK  elapsed=2560.9s
  ✔ nSta=48  ratio=40%  10/10 runs OK  elapsed=1708.3s
  ✔ nSta=48  ratio=60%  10/10 runs OK  elapsed=1390.9s
  ✔ nSta=48  ratio=80%  10/10 runs OK  elapsed=1087.9s
  ✔ nSta=48  ratio=100%  10/10 runs OK  elapsed=908.6s
  ✔ nSta=50  ratio=0%  10/10 runs OK  elapsed=2448.7s
  ✔ nSta=50  ratio=20%  10/10 runs OK  elapsed=2457.5s
  ✔ nSta=50  ratio=40%  10/10 runs OK  elapsed=1469.0s
  ✔ nSta=50  ratio=60%  10/10 runs OK  elapsed=1355.9s
  ✔ nSta=50  ratio=80%  10/10 runs OK  elapsed=1097.3s
  ✔ nSta=50  ratio=100%  10/10 runs OK  elapsed=942.2s

────────────────────────────────────────────────────────────
  Generating plots...
────────────────────────────────────────────────────────────
    ✔ vo_delay_probability_nSta2_1Mbps.pdf
    ✔ vo_delay_probability_nSta4_1Mbps.pdf
    ✔ vo_delay_probability_nSta6_1Mbps.pdf
    ✔ vo_delay_probability_nSta8_1Mbps.pdf
    ✔ vo_delay_probability_nSta10_1Mbps.pdf
    ✔ vo_delay_probability_nSta12_1Mbps.pdf
    ✔ vo_delay_probability_nSta14_1Mbps.pdf
    ✔ vo_delay_probability_nSta16_1Mbps.pdf
    ✔ vo_delay_probability_nSta18_1Mbps.pdf
    ✔ vo_delay_probability_nSta20_1Mbps.pdf
    ✔ vo_delay_probability_nSta22_1Mbps.pdf
    ✔ vo_delay_probability_nSta24_1Mbps.pdf
    ✔ vo_delay_probability_nSta26_1Mbps.pdf
    ✔ vo_delay_probability_nSta28_1Mbps.pdf
    ✔ vo_delay_probability_nSta30_1Mbps.pdf
    ✔ vo_delay_probability_nSta32_1Mbps.pdf
    ✔ vo_delay_probability_nSta34_1Mbps.pdf
    ✔ vo_delay_probability_nSta36_1Mbps.pdf
    ✔ vo_delay_probability_nSta38_1Mbps.pdf
    ✔ vo_delay_probability_nSta40_1Mbps.pdf
    ✔ vo_delay_probability_nSta42_1Mbps.pdf
    ✔ vo_delay_probability_nSta44_1Mbps.pdf
    ✔ vo_delay_probability_nSta46_1Mbps.pdf
    ✔ vo_delay_probability_nSta48_1Mbps.pdf
    ✔ vo_delay_probability_nSta50_1Mbps.pdf

────────────────────────────────────────────────────────────
  Generating statistics comparison...
────────────────────────────────────────────────────────────
    ✔ ratio_sweep_statistics_1Mbps.txt  (143,498 bytes)

════════════════════════════════════════════════════════════
  Sweep complete!  Total time: 13393.6s
  Output directory: /home/wmnlab/Desktop/ns-3.45/scratch/delay_pdf/delay_result_ratio_sweep_1Mbps_rts_on

  Averaged CSV files:
    r000_vo_delay_pdf_nSta10_1Mbps.csv  (26,033 bytes)
    r000_vo_delay_pdf_nSta12_1Mbps.csv  (41,031 bytes)
    r000_vo_delay_pdf_nSta14_1Mbps.csv  (53,358 bytes)
    r000_vo_delay_pdf_nSta16_1Mbps.csv  (81,441 bytes)
    r000_vo_delay_pdf_nSta18_1Mbps.csv  (198,293 bytes)
    r000_vo_delay_pdf_nSta20_1Mbps.csv  (290,884 bytes)
    r000_vo_delay_pdf_nSta22_1Mbps.csv  (400,085 bytes)
    r000_vo_delay_pdf_nSta24_1Mbps.csv  (456,932 bytes)
    r000_vo_delay_pdf_nSta26_1Mbps.csv  (550,199 bytes)
    r000_vo_delay_pdf_nSta28_1Mbps.csv  (725,125 bytes)
    r000_vo_delay_pdf_nSta2_1Mbps.csv  (1,629 bytes)
    r000_vo_delay_pdf_nSta30_1Mbps.csv  (739,189 bytes)
    r000_vo_delay_pdf_nSta32_1Mbps.csv  (658,402 bytes)
    r000_vo_delay_pdf_nSta34_1Mbps.csv  (644,930 bytes)
    r000_vo_delay_pdf_nSta36_1Mbps.csv  (748,751 bytes)
    r000_vo_delay_pdf_nSta38_1Mbps.csv  (676,510 bytes)
    r000_vo_delay_pdf_nSta40_1Mbps.csv  (928,353 bytes)
    r000_vo_delay_pdf_nSta42_1Mbps.csv  (641,653 bytes)
    r000_vo_delay_pdf_nSta44_1Mbps.csv  (702,109 bytes)
    r000_vo_delay_pdf_nSta46_1Mbps.csv  (915,797 bytes)
    r000_vo_delay_pdf_nSta48_1Mbps.csv  (851,657 bytes)
    r000_vo_delay_pdf_nSta4_1Mbps.csv  (8,831 bytes)
    r000_vo_delay_pdf_nSta50_1Mbps.csv  (635,987 bytes)
    r000_vo_delay_pdf_nSta6_1Mbps.csv  (13,828 bytes)
    r000_vo_delay_pdf_nSta8_1Mbps.csv  (17,609 bytes)
    r020_vo_delay_pdf_nSta10_1Mbps.csv  (26,073 bytes)
    r020_vo_delay_pdf_nSta12_1Mbps.csv  (43,953 bytes)
    r020_vo_delay_pdf_nSta14_1Mbps.csv  (55,068 bytes)
    r020_vo_delay_pdf_nSta16_1Mbps.csv  (88,311 bytes)
    r020_vo_delay_pdf_nSta18_1Mbps.csv  (206,143 bytes)
    r020_vo_delay_pdf_nSta20_1Mbps.csv  (313,854 bytes)
    r020_vo_delay_pdf_nSta22_1Mbps.csv  (413,370 bytes)
    r020_vo_delay_pdf_nSta24_1Mbps.csv  (518,428 bytes)
    r020_vo_delay_pdf_nSta26_1Mbps.csv  (539,053 bytes)
    r020_vo_delay_pdf_nSta28_1Mbps.csv  (653,832 bytes)
    r020_vo_delay_pdf_nSta2_1Mbps.csv  (1,629 bytes)
    r020_vo_delay_pdf_nSta30_1Mbps.csv  (708,678 bytes)
    r020_vo_delay_pdf_nSta32_1Mbps.csv  (734,417 bytes)
    r020_vo_delay_pdf_nSta34_1Mbps.csv  (702,691 bytes)
    r020_vo_delay_pdf_nSta36_1Mbps.csv  (883,411 bytes)
    r020_vo_delay_pdf_nSta38_1Mbps.csv  (768,056 bytes)
    r020_vo_delay_pdf_nSta40_1Mbps.csv  (695,027 bytes)
    r020_vo_delay_pdf_nSta42_1Mbps.csv  (698,820 bytes)
    r020_vo_delay_pdf_nSta44_1Mbps.csv  (846,780 bytes)
    r020_vo_delay_pdf_nSta46_1Mbps.csv  (671,527 bytes)
    r020_vo_delay_pdf_nSta48_1Mbps.csv  (865,831 bytes)
    r020_vo_delay_pdf_nSta4_1Mbps.csv  (8,831 bytes)
    r020_vo_delay_pdf_nSta50_1Mbps.csv  (775,350 bytes)
    r020_vo_delay_pdf_nSta6_1Mbps.csv  (13,785 bytes)
    r020_vo_delay_pdf_nSta8_1Mbps.csv  (17,958 bytes)
    r040_vo_delay_pdf_nSta10_1Mbps.csv  (28,220 bytes)
    r040_vo_delay_pdf_nSta12_1Mbps.csv  (45,426 bytes)
    r040_vo_delay_pdf_nSta14_1Mbps.csv  (59,578 bytes)
    r040_vo_delay_pdf_nSta16_1Mbps.csv  (102,235 bytes)
    r040_vo_delay_pdf_nSta18_1Mbps.csv  (217,982 bytes)
    r040_vo_delay_pdf_nSta20_1Mbps.csv  (319,994 bytes)
    r040_vo_delay_pdf_nSta22_1Mbps.csv  (404,899 bytes)
    r040_vo_delay_pdf_nSta24_1Mbps.csv  (496,864 bytes)
    r040_vo_delay_pdf_nSta26_1Mbps.csv  (601,643 bytes)
    r040_vo_delay_pdf_nSta28_1Mbps.csv  (699,173 bytes)
    r040_vo_delay_pdf_nSta2_1Mbps.csv  (1,629 bytes)
    r040_vo_delay_pdf_nSta30_1Mbps.csv  (739,415 bytes)
    r040_vo_delay_pdf_nSta32_1Mbps.csv  (747,651 bytes)
    r040_vo_delay_pdf_nSta34_1Mbps.csv  (691,260 bytes)
    r040_vo_delay_pdf_nSta36_1Mbps.csv  (906,640 bytes)
    r040_vo_delay_pdf_nSta38_1Mbps.csv  (921,182 bytes)
    r040_vo_delay_pdf_nSta40_1Mbps.csv  (801,210 bytes)
    r040_vo_delay_pdf_nSta42_1Mbps.csv  (772,612 bytes)
    r040_vo_delay_pdf_nSta44_1Mbps.csv  (921,178 bytes)
    r040_vo_delay_pdf_nSta46_1Mbps.csv  (1,241,683 bytes)
    r040_vo_delay_pdf_nSta48_1Mbps.csv  (726,190 bytes)
    r040_vo_delay_pdf_nSta4_1Mbps.csv  (8,831 bytes)
    r040_vo_delay_pdf_nSta50_1Mbps.csv  (761,145 bytes)
    r040_vo_delay_pdf_nSta6_1Mbps.csv  (13,971 bytes)
    r040_vo_delay_pdf_nSta8_1Mbps.csv  (18,761 bytes)
    r060_vo_delay_pdf_nSta10_1Mbps.csv  (30,191 bytes)
    r060_vo_delay_pdf_nSta12_1Mbps.csv  (47,048 bytes)
    r060_vo_delay_pdf_nSta14_1Mbps.csv  (60,386 bytes)
    r060_vo_delay_pdf_nSta16_1Mbps.csv  (116,282 bytes)
    r060_vo_delay_pdf_nSta18_1Mbps.csv  (225,848 bytes)
    r060_vo_delay_pdf_nSta20_1Mbps.csv  (344,148 bytes)
    r060_vo_delay_pdf_nSta22_1Mbps.csv  (438,565 bytes)
    r060_vo_delay_pdf_nSta24_1Mbps.csv  (494,448 bytes)
    r060_vo_delay_pdf_nSta26_1Mbps.csv  (604,738 bytes)
    r060_vo_delay_pdf_nSta28_1Mbps.csv  (599,971 bytes)
    r060_vo_delay_pdf_nSta2_1Mbps.csv  (1,629 bytes)
    r060_vo_delay_pdf_nSta30_1Mbps.csv  (675,213 bytes)
    r060_vo_delay_pdf_nSta32_1Mbps.csv  (771,090 bytes)
    r060_vo_delay_pdf_nSta34_1Mbps.csv  (644,527 bytes)
    r060_vo_delay_pdf_nSta36_1Mbps.csv  (1,041,606 bytes)
    r060_vo_delay_pdf_nSta38_1Mbps.csv  (642,004 bytes)
    r060_vo_delay_pdf_nSta40_1Mbps.csv  (909,737 bytes)
    r060_vo_delay_pdf_nSta42_1Mbps.csv  (950,544 bytes)
    r060_vo_delay_pdf_nSta44_1Mbps.csv  (655,003 bytes)
    r060_vo_delay_pdf_nSta46_1Mbps.csv  (949,831 bytes)
    r060_vo_delay_pdf_nSta48_1Mbps.csv  (700,087 bytes)
    r060_vo_delay_pdf_nSta4_1Mbps.csv  (8,737 bytes)
    r060_vo_delay_pdf_nSta50_1Mbps.csv  (808,972 bytes)
    r060_vo_delay_pdf_nSta6_1Mbps.csv  (13,932 bytes)
    r060_vo_delay_pdf_nSta8_1Mbps.csv  (18,746 bytes)
    r080_vo_delay_pdf_nSta10_1Mbps.csv  (30,988 bytes)
    r080_vo_delay_pdf_nSta12_1Mbps.csv  (48,576 bytes)
    r080_vo_delay_pdf_nSta14_1Mbps.csv  (62,755 bytes)
    r080_vo_delay_pdf_nSta16_1Mbps.csv  (124,536 bytes)
    r080_vo_delay_pdf_nSta18_1Mbps.csv  (233,237 bytes)
    r080_vo_delay_pdf_nSta20_1Mbps.csv  (341,321 bytes)
    r080_vo_delay_pdf_nSta22_1Mbps.csv  (447,080 bytes)
    r080_vo_delay_pdf_nSta24_1Mbps.csv  (458,788 bytes)
    r080_vo_delay_pdf_nSta26_1Mbps.csv  (591,340 bytes)
    r080_vo_delay_pdf_nSta28_1Mbps.csv  (676,888 bytes)
    r080_vo_delay_pdf_nSta2_1Mbps.csv  (1,629 bytes)
    r080_vo_delay_pdf_nSta30_1Mbps.csv  (640,844 bytes)
    r080_vo_delay_pdf_nSta32_1Mbps.csv  (761,711 bytes)
    r080_vo_delay_pdf_nSta34_1Mbps.csv  (717,462 bytes)
    r080_vo_delay_pdf_nSta36_1Mbps.csv  (712,912 bytes)
    r080_vo_delay_pdf_nSta38_1Mbps.csv  (795,232 bytes)
    r080_vo_delay_pdf_nSta40_1Mbps.csv  (789,974 bytes)
    r080_vo_delay_pdf_nSta42_1Mbps.csv  (1,030,112 bytes)
    r080_vo_delay_pdf_nSta44_1Mbps.csv  (1,027,288 bytes)
    r080_vo_delay_pdf_nSta46_1Mbps.csv  (864,047 bytes)
    r080_vo_delay_pdf_nSta48_1Mbps.csv  (815,726 bytes)
    r080_vo_delay_pdf_nSta4_1Mbps.csv  (8,885 bytes)
    r080_vo_delay_pdf_nSta50_1Mbps.csv  (797,144 bytes)
    r080_vo_delay_pdf_nSta6_1Mbps.csv  (13,931 bytes)
    r080_vo_delay_pdf_nSta8_1Mbps.csv  (18,883 bytes)
    r100_vo_delay_pdf_nSta10_1Mbps.csv  (31,411 bytes)
    r100_vo_delay_pdf_nSta12_1Mbps.csv  (49,374 bytes)
    r100_vo_delay_pdf_nSta14_1Mbps.csv  (63,795 bytes)
    r100_vo_delay_pdf_nSta16_1Mbps.csv  (136,311 bytes)
    r100_vo_delay_pdf_nSta18_1Mbps.csv  (245,531 bytes)
    r100_vo_delay_pdf_nSta20_1Mbps.csv  (339,020 bytes)
    r100_vo_delay_pdf_nSta22_1Mbps.csv  (458,751 bytes)
    r100_vo_delay_pdf_nSta24_1Mbps.csv  (510,435 bytes)
    r100_vo_delay_pdf_nSta26_1Mbps.csv  (606,327 bytes)
    r100_vo_delay_pdf_nSta28_1Mbps.csv  (692,135 bytes)
    r100_vo_delay_pdf_nSta2_1Mbps.csv  (1,629 bytes)
    r100_vo_delay_pdf_nSta30_1Mbps.csv  (783,788 bytes)
    r100_vo_delay_pdf_nSta32_1Mbps.csv  (712,923 bytes)
    r100_vo_delay_pdf_nSta34_1Mbps.csv  (992,975 bytes)
    r100_vo_delay_pdf_nSta36_1Mbps.csv  (989,408 bytes)
    r100_vo_delay_pdf_nSta38_1Mbps.csv  (1,060,108 bytes)
    r100_vo_delay_pdf_nSta40_1Mbps.csv  (931,456 bytes)
    r100_vo_delay_pdf_nSta42_1Mbps.csv  (776,228 bytes)
    r100_vo_delay_pdf_nSta44_1Mbps.csv  (658,111 bytes)
    r100_vo_delay_pdf_nSta46_1Mbps.csv  (970,891 bytes)
    r100_vo_delay_pdf_nSta48_1Mbps.csv  (786,101 bytes)
    r100_vo_delay_pdf_nSta4_1Mbps.csv  (8,885 bytes)
    r100_vo_delay_pdf_nSta50_1Mbps.csv  (1,048,135 bytes)
    r100_vo_delay_pdf_nSta6_1Mbps.csv  (14,063 bytes)
    r100_vo_delay_pdf_nSta8_1Mbps.csv  (18,879 bytes)

  Plot files:
    vo_delay_probability_nSta10_1Mbps.pdf  (46,807 bytes)
    vo_delay_probability_nSta12_1Mbps.pdf  (55,925 bytes)
    vo_delay_probability_nSta14_1Mbps.pdf  (75,153 bytes)
    vo_delay_probability_nSta16_1Mbps.pdf  (140,992 bytes)
    vo_delay_probability_nSta18_1Mbps.pdf  (407,977 bytes)
    vo_delay_probability_nSta20_1Mbps.pdf  (534,480 bytes)
    vo_delay_probability_nSta22_1Mbps.pdf  (669,231 bytes)
    vo_delay_probability_nSta24_1Mbps.pdf  (751,028 bytes)
    vo_delay_probability_nSta26_1Mbps.pdf  (865,526 bytes)
    vo_delay_probability_nSta28_1Mbps.pdf  (1,018,738 bytes)
    vo_delay_probability_nSta2_1Mbps.pdf  (30,867 bytes)
    vo_delay_probability_nSta30_1Mbps.pdf  (1,008,324 bytes)
    vo_delay_probability_nSta32_1Mbps.pdf  (1,025,540 bytes)
    vo_delay_probability_nSta34_1Mbps.pdf  (957,205 bytes)
    vo_delay_probability_nSta36_1Mbps.pdf  (1,290,084 bytes)
    vo_delay_probability_nSta38_1Mbps.pdf  (1,173,230 bytes)
    vo_delay_probability_nSta40_1Mbps.pdf  (1,201,582 bytes)
    vo_delay_probability_nSta42_1Mbps.pdf  (1,139,189 bytes)
    vo_delay_probability_nSta44_1Mbps.pdf  (1,166,987 bytes)
    vo_delay_probability_nSta46_1Mbps.pdf  (1,351,778 bytes)
    vo_delay_probability_nSta48_1Mbps.pdf  (1,168,031 bytes)
    vo_delay_probability_nSta4_1Mbps.pdf  (33,145 bytes)
    vo_delay_probability_nSta50_1Mbps.pdf  (1,156,809 bytes)
    vo_delay_probability_nSta6_1Mbps.pdf  (37,337 bytes)
    vo_delay_probability_nSta8_1Mbps.pdf  (39,785 bytes)

  Log files:
    sim_log_nSta10_1Mbps.txt  (9,207 bytes)
    sim_log_nSta12_1Mbps.txt  (9,282 bytes)
    sim_log_nSta14_1Mbps.txt  (9,441 bytes)
    sim_log_nSta16_1Mbps.txt  (9,545 bytes)
    sim_log_nSta18_1Mbps.txt  (9,691 bytes)
    sim_log_nSta20_1Mbps.txt  (9,854 bytes)
    sim_log_nSta22_1Mbps.txt  (9,955 bytes)
    sim_log_nSta24_1Mbps.txt  (9,940 bytes)
    sim_log_nSta26_1Mbps.txt  (9,975 bytes)
    sim_log_nSta28_1Mbps.txt  (9,962 bytes)
    sim_log_nSta2_1Mbps.txt  (9,024 bytes)
    sim_log_nSta30_1Mbps.txt  (9,997 bytes)
    sim_log_nSta32_1Mbps.txt  (9,967 bytes)
    sim_log_nSta34_1Mbps.txt  (10,021 bytes)
    sim_log_nSta36_1Mbps.txt  (9,998 bytes)
    sim_log_nSta38_1Mbps.txt  (10,051 bytes)
    sim_log_nSta40_1Mbps.txt  (10,093 bytes)
    sim_log_nSta42_1Mbps.txt  (10,028 bytes)
    sim_log_nSta44_1Mbps.txt  (10,054 bytes)
    sim_log_nSta46_1Mbps.txt  (10,061 bytes)
    sim_log_nSta48_1Mbps.txt  (9,995 bytes)
    sim_log_nSta4_1Mbps.txt  (7,296 bytes)
    sim_log_nSta50_1Mbps.txt  (9,999 bytes)
    sim_log_nSta6_1Mbps.txt  (9,030 bytes)
    sim_log_nSta8_1Mbps.txt  (7,308 bytes)

  Statistics comparison:
    ratio_sweep_statistics_1Mbps.txt  (143,498 bytes)
════════════════════════════════════════════════════════════

