nohup: ignoring input

╔══════════════════════════════════════════════════════════╗
║  P-EDCA Ratio Sweep (Parallel, Multi-Run Averaging)    ║
║  nSta = [2, 4, 6, 8, 10, 12, 14, 16, 18, 20, 22, 24, 26, 28, 30, 32, 34, 36, 38, 40, 42, 44, 46, 48, 50]
║  ratios = [0.0, 0.2, 0.4, 0.6, 0.8, 1.0]
║  dataRate = 1Mbps    simTime = 10.0s
║  runs = 10    workers = 16
║  binary = scratch/pedca_verification_nsta.cc
╚══════════════════════════════════════════════════════════╝

  Launching 25 nSta × 6 ratios × 10 runs = 1500 simulations
  (16 concurrent simulations)

  [1/1500] ✗ nSta= 2 ratio=20% run=0 6.2s
  [7/1500] ✗ nSta= 2 ratio=0% run=0 7.5s
  [8/1500] ✗ nSta= 2 ratio=0% run=1 7.6s
  [9/1500] ✗ nSta= 2 ratio=40% run=2 0.2s
  [10/1500] ✗ nSta= 2 ratio=40% run=3 0.1s
  [11/1500] ✗ nSta= 2 ratio=20% run=6 1.6s
  [12/1500] ✗ nSta= 2 ratio=40% run=5 0.1s
  [13/1500] ✗ nSta= 2 ratio=40% run=4 0.2s
  [14/1500] ✗ nSta= 2 ratio=40% run=6 0.2s
  [15/1500] ✗ nSta= 2 ratio=40% run=7 0.2s
  [16/1500] ✗ nSta= 2 ratio=40% run=8 0.2s
  [17/1500] ✗ nSta= 2 ratio=20% run=3 8.1s
  [18/1500] ✗ nSta= 2 ratio=40% run=9 0.1s
  [19/1500] ✗ nSta= 2 ratio=60% run=0 0.1s
  [20/1500] ✗ nSta= 2 ratio=60% run=2 0.1s
  [21/1500] ✗ nSta= 2 ratio=60% run=1 0.2s
  [22/1500] ✗ nSta= 2 ratio=60% run=3 0.2s
  [23/1500] ✗ nSta= 2 ratio=60% run=6 0.1s
  [24/1500] ✗ nSta= 2 ratio=60% run=4 0.2s
  [25/1500] ✗ nSta= 2 ratio=60% run=5 0.1s
  [37/1500] ✔ nSta= 2 ratio=80% run=7 1.2s
  [49/1500] ✗ nSta= 2 ratio=40% run=0 5.8s
  [50/1500] ✗ nSta= 2 ratio=100% run=6 1.6s
  [51/1500] ✗ nSta= 4 ratio=0% run=4 0.2s
  [52/1500] ✗ nSta= 4 ratio=0% run=5 0.1s
  [53/1500] ✗ nSta= 4 ratio=0% run=6 0.2s
  [54/1500] ✗ nSta= 4 ratio=0% run=7 0.1s
  [55/1500] ✗ nSta= 2 ratio=100% run=7 1.6s
  [56/1500] ✗ nSta= 2 ratio=100% run=8 1.5s
  [57/1500] ✗ nSta= 4 ratio=0% run=8 0.1s
  [58/1500] ✗ nSta= 4 ratio=20% run=0 0.1s
  [59/1500] ✗ nSta= 4 ratio=0% run=9 0.2s
  [60/1500] ✗ nSta= 4 ratio=20% run=1 0.2s
  [61/1500] ✗ nSta= 4 ratio=20% run=2 0.1s
  [62/1500] ✗ nSta= 4 ratio=20% run=4 0.1s
  [63/1500] ✗ nSta= 2 ratio=20% run=7 6.6s
  [64/1500] ✗ nSta= 4 ratio=20% run=3 0.2s
  [66/1500] ✗ nSta= 4 ratio=0% run=2 2.3s
  [67/1500] ✗ nSta= 4 ratio=0% run=3 2.2s
  [68/1500] ✗ nSta= 4 ratio=40% run=1 0.2s
  [69/1500] ✗ nSta= 4 ratio=40% run=3 0.1s
  [71/1500] ✗ nSta= 4 ratio=40% run=2 0.2s
  [72/1500] ✗ nSta= 4 ratio=40% run=4 0.1s
  [73/1500] ✗ nSta= 4 ratio=40% run=6 0.1s
  [74/1500] ✗ nSta= 4 ratio=40% run=5 0.1s
  [75/1500] ✗ nSta= 4 ratio=40% run=7 0.1s
  [76/1500] ✗ nSta= 4 ratio=40% run=8 0.1s
  [77/1500] ✗ nSta= 4 ratio=40% run=9 0.1s
  [78/1500] ✗ nSta= 4 ratio=60% run=0 0.1s
  [79/1500] ✗ nSta= 4 ratio=60% run=1 0.1s
  [80/1500] ✗ nSta= 4 ratio=60% run=2 0.1s
  [81/1500] ✗ nSta= 2 ratio=40% run=1 8.9s
  [82/1500] ✗ nSta= 4 ratio=60% run=6 0.1s
  [86/1500] ✗ nSta= 2 ratio=100% run=3 6.2s
  [87/1500] ✗ nSta= 2 ratio=100% run=4 6.2s
  [88/1500] ✗ nSta= 4 ratio=80% run=0 0.1s
  [90/1500] ✗ nSta= 4 ratio=60% run=8 1.4s
  [91/1500] ✗ nSta= 4 ratio=80% run=5 0.1s
  [92/1500] ✗ nSta= 4 ratio=80% run=6 0.1s
  [93/1500] ✗ nSta= 4 ratio=80% run=7 0.1s
  [94/1500] ✗ nSta= 2 ratio=100% run=5 7.5s
  [95/1500] ✗ nSta= 4 ratio=80% run=8 0.2s
  [107/1500] ✗ nSta= 4 ratio=80% run=3 5.7s
  [108/1500] ✗ nSta= 4 ratio=100% run=7 1.4s
  [109/1500] ✗ nSta= 6 ratio=0% run=2 0.1s
  [111/1500] ✗ nSta= 6 ratio=0% run=4 0.1s
  [112/1500] ✗ nSta= 6 ratio=0% run=3 0.2s
  [113/1500] ✗ nSta= 6 ratio=0% run=5 0.1s
  [114/1500] ✗ nSta= 6 ratio=0% run=6 0.1s
  [115/1500] ✗ nSta= 6 ratio=0% run=7 0.2s
  [117/1500] ✗ nSta= 4 ratio=100% run=8 1.5s
  [118/1500] ✗ nSta= 6 ratio=0% run=8 0.2s
  [119/1500] ✗ nSta= 6 ratio=0% run=9 0.1s
  [120/1500] ✗ nSta= 6 ratio=20% run=0 0.1s
  [121/1500] ✗ nSta= 6 ratio=20% run=2 0.1s
  [122/1500] ✗ nSta= 4 ratio=100% run=9 1.4s
  [123/1500] ✗ nSta= 6 ratio=20% run=3 0.2s
  [124/1500] ✗ nSta= 6 ratio=20% run=1 0.2s
  [125/1500] ✗ nSta= 6 ratio=0% run=0 1.4s
  [127/1500] ✗ nSta= 6 ratio=0% run=1 1.7s
  [128/1500] ✗ nSta= 6 ratio=40% run=2 0.1s
  [129/1500] ✗ nSta= 4 ratio=80% run=1 7.0s
  [130/1500] ✗ nSta= 6 ratio=40% run=4 0.1s
  [131/1500] ✗ nSta= 6 ratio=40% run=3 0.1s
  [132/1500] ✗ nSta= 6 ratio=40% run=6 0.1s
  [133/1500] ✗ nSta= 6 ratio=40% run=5 0.1s
  [135/1500] ✗ nSta= 6 ratio=40% run=9 0.1s
  [136/1500] ✗ nSta= 6 ratio=40% run=7 0.1s
  [137/1500] ✗ nSta= 6 ratio=40% run=8 0.1s
  [138/1500] ✗ nSta= 6 ratio=60% run=2 0.1s
  [139/1500] ✗ nSta= 6 ratio=60% run=0 0.2s
  [140/1500] ✗ nSta= 6 ratio=60% run=1 0.2s
  [141/1500] ✗ nSta= 6 ratio=60% run=3 0.2s
  [142/1500] ✗ nSta= 6 ratio=60% run=5 0.1s
  [143/1500] ✗ nSta= 6 ratio=60% run=4 0.2s
  [144/1500] ✗ nSta= 6 ratio=60% run=6 0.1s
  [145/1500] ✗ nSta= 6 ratio=60% run=7 0.2s
  [146/1500] ✗ nSta= 6 ratio=60% run=8 0.2s
  [148/1500] ✔ nSta= 4 ratio=80% run=9 8.4s
  [150/1500] ✗ nSta= 6 ratio=20% run=5 5.7s
  [151/1500] ✗ nSta= 6 ratio=20% run=9 5.7s
  [152/1500] ✗ nSta= 6 ratio=80% run=5 0.2s
  [153/1500] ✗ nSta= 6 ratio=20% run=8 5.8s
  [154/1500] ✗ nSta= 6 ratio=80% run=6 0.1s
  [155/1500] ✗ nSta= 6 ratio=80% run=7 0.2s
  [156/1500] ✗ nSta= 6 ratio=80% run=9 0.1s
  [157/1500] ✗ nSta= 6 ratio=20% run=7 6.0s
  [158/1500] ✗ nSta= 6 ratio=80% run=8 0.2s
  [159/1500] ✗ nSta= 4 ratio=100% run=6 8.1s
  [160/1500] ✗ nSta= 6 ratio=100% run=0 0.1s
  [161/1500] ✗ nSta= 6 ratio=100% run=1 0.1s
  [162/1500] ✗ nSta= 6 ratio=100% run=3 0.1s
  [163/1500] ✗ nSta= 6 ratio=100% run=2 0.2s
  [164/1500] ✗ nSta= 6 ratio=100% run=4 0.1s
  [165/1500] ✗ nSta= 6 ratio=100% run=5 0.1s
  [166/1500] ✗ nSta= 6 ratio=100% run=6 0.1s
  [167/1500] ✗ nSta= 6 ratio=100% run=8 0.1s
  [168/1500] ✗ nSta= 6 ratio=100% run=7 0.2s
  [169/1500] ✗ nSta= 6 ratio=100% run=9 0.2s
  [170/1500] ✗ nSta= 8 ratio=0% run=1 0.1s
  [171/1500] ✗ nSta= 8 ratio=0% run=0 0.1s
  [172/1500] ✗ nSta= 8 ratio=0% run=2 0.1s
  [173/1500] ✗ nSta= 8 ratio=0% run=4 0.1s
  [174/1500] ✗ nSta= 8 ratio=0% run=3 0.2s
  [175/1500] ✗ nSta= 6 ratio=20% run=6 6.6s
  [176/1500] ✗ nSta= 6 ratio=20% run=4 7.8s
  [177/1500] ✗ nSta= 8 ratio=20% run=1 0.1s
  [180/1500] ✗ nSta= 8 ratio=20% run=2 1.3s
  [181/1500] ✗ nSta= 8 ratio=20% run=3 2.1s
  [184/1500] ✗ nSta= 8 ratio=20% run=0 5.9s
  [185/1500] ✗ nSta= 8 ratio=20% run=7 1.7s
  [186/1500] ✗ nSta= 8 ratio=40% run=0 0.1s
  [187/1500] ✗ nSta= 8 ratio=20% run=9 0.2s
  [188/1500] ✗ nSta= 8 ratio=0% run=7 6.4s
  [191/1500] ✗ nSta= 8 ratio=40% run=5 0.2s
  [192/1500] ✗ nSta= 8 ratio=40% run=6 0.1s
  [193/1500] ✗ nSta= 8 ratio=40% run=7 0.1s
  [194/1500] ✗ nSta= 8 ratio=40% run=8 0.2s
  [196/1500] ✗ nSta= 8 ratio=40% run=9 0.2s
  [197/1500] ✗ nSta= 8 ratio=60% run=0 0.2s
  [198/1500] ✗ nSta= 8 ratio=60% run=1 0.1s
  [199/1500] ✗ nSta= 8 ratio=60% run=2 0.1s
  [200/1500] ✗ nSta= 8 ratio=60% run=4 0.1s
  [201/1500] ✗ nSta= 8 ratio=60% run=3 0.2s
  [203/1500] ✗ nSta= 8 ratio=20% run=6 7.4s
  [205/1500] ✗ nSta= 8 ratio=60% run=8 0.2s
  [206/1500] ✗ nSta= 8 ratio=60% run=9 0.2s
  [222/1500] ✔ nSta= 8 ratio=80% run=7 12.1s
  [259/1500] ✔ nSta=10 ratio=20% run=4 28.6s
  [296/1500] ✔ nSta=10 ratio=100% run=8 17.8s
  [333/1500] ✔ nSta=12 ratio=60% run=9 25.7s
  [370/1500] ✔ nSta=14 ratio=20% run=5 33.6s
  [407/1500] ✔ nSta=14 ratio=80% run=7 36.0s
  [444/1500] ✔ nSta=16 ratio=40% run=6 46.3s
  [481/1500] ✔ nSta=18 ratio=0% run=3 53.2s
  [518/1500] ✔ nSta=18 ratio=40% run=7 139.2s
  [555/1500] ✔ nSta=20 ratio=0% run=1 149.6s
  [592/1500] ✔ nSta=20 ratio=100% run=5 67.6s
  [629/1500] ✔ nSta=22 ratio=60% run=2 66.9s
  [666/1500] ✔ nSta=24 ratio=20% run=0 83.2s
  [703/1500] ✔ nSta=24 ratio=80% run=5 78.9s
  [740/1500] ✔ nSta=26 ratio=20% run=1 173.9s
  [777/1500] ✔ nSta=26 ratio=80% run=6 208.2s
  [814/1500] ✔ nSta=28 ratio=60% run=7 91.3s
  [851/1500] ✔ nSta=30 ratio=20% run=4 88.9s
  [888/1500] ✔ nSta=30 ratio=100% run=2 91.8s
  [925/1500] ✔ nSta=32 ratio=20% run=3 246.5s
  [962/1500] ✔ nSta=32 ratio=100% run=8 172.6s
  [999/1500] ✔ nSta=34 ratio=40% run=9 230.5s
  [1036/1500] ✔ nSta=36 ratio=40% run=1 107.5s
  [1073/1500] ✔ nSta=36 ratio=100% run=5 107.2s
  [1110/1500] ✔ nSta=38 ratio=40% run=5 192.9s
  [1147/1500] ✔ nSta=40 ratio=20% run=2 125.5s
  [1184/1500] ✔ nSta=40 ratio=80% run=2 163.8s
  [1221/1500] ✔ nSta=42 ratio=20% run=7 197.4s
  [1258/1500] ✔ nSta=44 ratio=0% run=3 125.5s
  [1295/1500] ✔ nSta=44 ratio=60% run=6 148.4s
  [1332/1500] ✔ nSta=46 ratio=20% run=1 197.1s
  [1369/1500] ✔ nSta=46 ratio=100% run=3 183.1s
  [1406/1500] ✔ nSta=48 ratio=20% run=5 348.4s
  [1443/1500] ✔ nSta=50 ratio=0% run=1 217.2s
  [1480/1500] ✔ nSta=50 ratio=60% run=1 300.9s

────────────────────────────────────────────────────────────
  Aggregating results...
────────────────────────────────────────────────────────────
  ✔ nSta= 2  ratio=0%  8/10 runs OK  elapsed=88.8s
  ✔ nSta= 2  ratio=20%  6/10 runs OK  elapsed=68.8s
  ✗ nSta= 2  ratio=40%  0/10 runs OK  elapsed=16.0s
  ✔ nSta= 2  ratio=60%  3/10 runs OK  elapsed=6.7s
  ✔ nSta= 2  ratio=80%  10/10 runs OK  elapsed=16.6s
  ✔ nSta= 2  ratio=100%  4/10 runs OK  elapsed=33.6s
  ✔ nSta= 4  ratio=0%  2/10 runs OK  elapsed=18.4s
  ✔ nSta= 4  ratio=20%  5/10 runs OK  elapsed=32.0s
  ✔ nSta= 4  ratio=40%  1/10 runs OK  elapsed=11.0s
  ✔ nSta= 4  ratio=60%  5/10 runs OK  elapsed=28.8s
  ✔ nSta= 4  ratio=80%  3/10 runs OK  elapsed=44.0s
  ✔ nSta= 4  ratio=100%  6/10 runs OK  elapsed=41.3s
  ✗ nSta= 6  ratio=0%  0/10 runs OK  elapsed=4.3s
  ✗ nSta= 6  ratio=20%  0/10 runs OK  elapsed=38.3s
  ✔ nSta= 6  ratio=40%  2/10 runs OK  elapsed=24.4s
  ✔ nSta= 6  ratio=60%  1/10 runs OK  elapsed=14.2s
  ✔ nSta= 6  ratio=80%  5/10 runs OK  elapsed=52.4s
  ✗ nSta= 6  ratio=100%  0/10 runs OK  elapsed=1.3s
  ✔ nSta= 8  ratio=0%  4/10 runs OK  elapsed=111.1s
  ✔ nSta= 8  ratio=20%  3/10 runs OK  elapsed=55.1s
  ✔ nSta= 8  ratio=40%  4/10 runs OK  elapsed=80.4s
  ✔ nSta= 8  ratio=60%  3/10 runs OK  elapsed=62.2s
  ✔ nSta= 8  ratio=80%  10/10 runs OK  elapsed=156.5s
  ✔ nSta= 8  ratio=100%  10/10 runs OK  elapsed=159.7s
  ✔ nSta=10  ratio=0%  10/10 runs OK  elapsed=234.4s
  ✔ nSta=10  ratio=20%  10/10 runs OK  elapsed=280.3s
  ✔ nSta=10  ratio=40%  10/10 runs OK  elapsed=216.9s
  ✔ nSta=10  ratio=60%  10/10 runs OK  elapsed=269.0s
  ✔ nSta=10  ratio=80%  10/10 runs OK  elapsed=244.4s
  ✔ nSta=10  ratio=100%  10/10 runs OK  elapsed=250.0s
  ✔ nSta=12  ratio=0%  10/10 runs OK  elapsed=390.5s
  ✔ nSta=12  ratio=20%  10/10 runs OK  elapsed=354.9s
  ✔ nSta=12  ratio=40%  10/10 runs OK  elapsed=297.1s
  ✔ nSta=12  ratio=60%  10/10 runs OK  elapsed=462.0s
  ✔ nSta=12  ratio=80%  10/10 runs OK  elapsed=323.7s
  ✔ nSta=12  ratio=100%  10/10 runs OK  elapsed=338.5s
  ✔ nSta=14  ratio=0%  10/10 runs OK  elapsed=537.1s
  ✔ nSta=14  ratio=20%  10/10 runs OK  elapsed=462.6s
  ✔ nSta=14  ratio=40%  10/10 runs OK  elapsed=461.4s
  ✔ nSta=14  ratio=60%  10/10 runs OK  elapsed=506.6s
  ✔ nSta=14  ratio=80%  10/10 runs OK  elapsed=393.9s
  ✔ nSta=14  ratio=100%  10/10 runs OK  elapsed=555.3s
  ✔ nSta=16  ratio=0%  10/10 runs OK  elapsed=672.4s
  ✔ nSta=16  ratio=20%  10/10 runs OK  elapsed=627.6s
  ✔ nSta=16  ratio=40%  10/10 runs OK  elapsed=606.4s
  ✔ nSta=16  ratio=60%  10/10 runs OK  elapsed=668.9s
  ✔ nSta=16  ratio=80%  10/10 runs OK  elapsed=772.6s
  ✔ nSta=16  ratio=100%  10/10 runs OK  elapsed=595.8s
  ✔ nSta=18  ratio=0%  10/10 runs OK  elapsed=825.5s
  ✔ nSta=18  ratio=20%  10/10 runs OK  elapsed=696.2s
  ✔ nSta=18  ratio=40%  10/10 runs OK  elapsed=834.0s
  ✔ nSta=18  ratio=60%  10/10 runs OK  elapsed=762.9s
  ✔ nSta=18  ratio=80%  10/10 runs OK  elapsed=812.8s
  ✔ nSta=18  ratio=100%  10/10 runs OK  elapsed=731.3s
  ✔ nSta=20  ratio=0%  10/10 runs OK  elapsed=888.4s
  ✔ nSta=20  ratio=20%  10/10 runs OK  elapsed=899.5s
  ✔ nSta=20  ratio=40%  10/10 runs OK  elapsed=845.0s
  ✔ nSta=20  ratio=60%  10/10 runs OK  elapsed=947.8s
  ✔ nSta=20  ratio=80%  10/10 runs OK  elapsed=880.1s
  ✔ nSta=20  ratio=100%  10/10 runs OK  elapsed=855.9s
  ✔ nSta=22  ratio=0%  10/10 runs OK  elapsed=1011.9s
  ✔ nSta=22  ratio=20%  10/10 runs OK  elapsed=955.0s
  ✔ nSta=22  ratio=40%  10/10 runs OK  elapsed=848.4s
  ✔ nSta=22  ratio=60%  10/10 runs OK  elapsed=1018.1s
  ✔ nSta=22  ratio=80%  10/10 runs OK  elapsed=1041.9s
  ✔ nSta=22  ratio=100%  10/10 runs OK  elapsed=961.3s
  ✔ nSta=24  ratio=0%  10/10 runs OK  elapsed=1055.7s
  ✔ nSta=24  ratio=20%  10/10 runs OK  elapsed=952.9s
  ✔ nSta=24  ratio=40%  10/10 runs OK  elapsed=1124.9s
  ✔ nSta=24  ratio=60%  10/10 runs OK  elapsed=1039.0s
  ✔ nSta=24  ratio=80%  10/10 runs OK  elapsed=1152.5s
  ✔ nSta=24  ratio=100%  10/10 runs OK  elapsed=1095.9s
  ✔ nSta=26  ratio=0%  10/10 runs OK  elapsed=961.3s
  ✔ nSta=26  ratio=20%  10/10 runs OK  elapsed=1283.6s
  ✔ nSta=26  ratio=40%  10/10 runs OK  elapsed=1129.4s
  ✔ nSta=26  ratio=60%  10/10 runs OK  elapsed=1157.9s
  ✔ nSta=26  ratio=80%  10/10 runs OK  elapsed=1178.2s
  ✔ nSta=26  ratio=100%  10/10 runs OK  elapsed=1029.9s
  ✔ nSta=28  ratio=0%  10/10 runs OK  elapsed=1282.5s
  ✔ nSta=28  ratio=20%  10/10 runs OK  elapsed=1125.4s
  ✔ nSta=28  ratio=40%  10/10 runs OK  elapsed=1218.3s
  ✔ nSta=28  ratio=60%  10/10 runs OK  elapsed=1284.7s
  ✔ nSta=28  ratio=80%  10/10 runs OK  elapsed=1116.6s
  ✔ nSta=28  ratio=100%  10/10 runs OK  elapsed=1209.2s
  ✔ nSta=30  ratio=0%  10/10 runs OK  elapsed=1396.1s
  ✔ nSta=30  ratio=20%  10/10 runs OK  elapsed=1440.5s
  ✔ nSta=30  ratio=40%  10/10 runs OK  elapsed=1076.6s
  ✔ nSta=30  ratio=60%  10/10 runs OK  elapsed=1236.7s
  ✔ nSta=30  ratio=80%  10/10 runs OK  elapsed=1497.6s
  ✔ nSta=30  ratio=100%  10/10 runs OK  elapsed=1090.8s
  ✔ nSta=32  ratio=0%  10/10 runs OK  elapsed=1566.9s
  ✔ nSta=32  ratio=20%  10/10 runs OK  elapsed=1216.6s
  ✔ nSta=32  ratio=40%  10/10 runs OK  elapsed=1416.9s
  ✔ nSta=32  ratio=60%  10/10 runs OK  elapsed=1344.4s
  ✔ nSta=32  ratio=80%  10/10 runs OK  elapsed=1395.3s
  ✔ nSta=32  ratio=100%  10/10 runs OK  elapsed=1464.7s
  ✔ nSta=34  ratio=0%  10/10 runs OK  elapsed=1362.2s
  ✔ nSta=34  ratio=20%  10/10 runs OK  elapsed=1610.6s
  ✔ nSta=34  ratio=40%  10/10 runs OK  elapsed=1511.0s
  ✔ nSta=34  ratio=60%  10/10 runs OK  elapsed=1353.5s
  ✔ nSta=34  ratio=80%  10/10 runs OK  elapsed=1350.1s
  ✔ nSta=34  ratio=100%  10/10 runs OK  elapsed=1608.5s
  ✔ nSta=36  ratio=0%  10/10 runs OK  elapsed=1347.6s
  ✔ nSta=36  ratio=20%  10/10 runs OK  elapsed=1859.8s
  ✔ nSta=36  ratio=40%  10/10 runs OK  elapsed=1298.3s
  ✔ nSta=36  ratio=60%  10/10 runs OK  elapsed=1675.0s
  ✔ nSta=36  ratio=80%  10/10 runs OK  elapsed=1593.4s
  ✔ nSta=36  ratio=100%  10/10 runs OK  elapsed=1339.3s
  ✔ nSta=38  ratio=0%  10/10 runs OK  elapsed=1731.9s
  ✔ nSta=38  ratio=20%  10/10 runs OK  elapsed=1577.0s
  ✔ nSta=38  ratio=40%  10/10 runs OK  elapsed=1733.1s
  ✔ nSta=38  ratio=60%  10/10 runs OK  elapsed=1567.9s
  ✔ nSta=38  ratio=80%  10/10 runs OK  elapsed=1694.5s
  ✔ nSta=38  ratio=100%  10/10 runs OK  elapsed=1445.8s
  ✔ nSta=40  ratio=0%  10/10 runs OK  elapsed=1734.2s
  ✔ nSta=40  ratio=20%  10/10 runs OK  elapsed=1712.8s
  ✔ nSta=40  ratio=40%  10/10 runs OK  elapsed=1885.0s
  ✔ nSta=40  ratio=60%  10/10 runs OK  elapsed=1432.4s
  ✔ nSta=40  ratio=80%  10/10 runs OK  elapsed=1937.6s
  ✔ nSta=40  ratio=100%  10/10 runs OK  elapsed=1822.5s
  ✔ nSta=42  ratio=0%  10/10 runs OK  elapsed=1490.4s
/home/wmnlab/Desktop/ns-3.45/scratch/delay_pdf/pdf_plot.py:675: UserWarning: Glyph 65534 (\ufffe) missing from current font.
  fig.savefig(str(out_path), dpi=dpi)
/home/wmnlab/Desktop/ns-3.45/scratch/delay_pdf/pdf_plot.py:675: UserWarning: Glyph 65534 (\ufffe) missing from current font.
  fig.savefig(str(out_path), dpi=dpi)
  ✔ nSta=42  ratio=20%  10/10 runs OK  elapsed=2033.9s
  ✔ nSta=42  ratio=40%  10/10 runs OK  elapsed=1689.0s
  ✔ nSta=42  ratio=60%  10/10 runs OK  elapsed=1816.8s
  ✔ nSta=42  ratio=80%  10/10 runs OK  elapsed=1649.4s
  ✔ nSta=42  ratio=100%  10/10 runs OK  elapsed=1808.3s
  ✔ nSta=44  ratio=0%  10/10 runs OK  elapsed=1824.7s
  ✔ nSta=44  ratio=20%  10/10 runs OK  elapsed=2059.3s
  ✔ nSta=44  ratio=40%  10/10 runs OK  elapsed=1844.7s
  ✔ nSta=44  ratio=60%  10/10 runs OK  elapsed=1622.1s
  ✔ nSta=44  ratio=80%  10/10 runs OK  elapsed=1885.4s
  ✔ nSta=44  ratio=100%  10/10 runs OK  elapsed=2125.3s
  ✔ nSta=46  ratio=0%  10/10 runs OK  elapsed=1749.9s
  ✔ nSta=46  ratio=20%  10/10 runs OK  elapsed=1907.1s
  ✔ nSta=46  ratio=40%  10/10 runs OK  elapsed=2036.9s
  ✔ nSta=46  ratio=60%  10/10 runs OK  elapsed=1991.4s
  ✔ nSta=46  ratio=80%  10/10 runs OK  elapsed=1914.0s
  ✔ nSta=46  ratio=100%  10/10 runs OK  elapsed=1928.8s
  ✔ nSta=48  ratio=0%  10/10 runs OK  elapsed=2003.1s
  ✔ nSta=48  ratio=20%  10/10 runs OK  elapsed=2044.0s
  ✔ nSta=48  ratio=40%  10/10 runs OK  elapsed=2172.3s
  ✔ nSta=48  ratio=60%  10/10 runs OK  elapsed=1906.5s
  ✔ nSta=48  ratio=80%  10/10 runs OK  elapsed=1906.2s
  ✔ nSta=48  ratio=100%  10/10 runs OK  elapsed=2212.5s
  ✔ nSta=50  ratio=0%  10/10 runs OK  elapsed=2073.7s
  ✔ nSta=50  ratio=20%  10/10 runs OK  elapsed=2243.3s
  ✔ nSta=50  ratio=40%  10/10 runs OK  elapsed=1815.2s
  ✔ nSta=50  ratio=60%  10/10 runs OK  elapsed=2468.2s
  ✔ nSta=50  ratio=80%  10/10 runs OK  elapsed=1719.6s
  ✔ nSta=50  ratio=100%  10/10 runs OK  elapsed=1579.3s

────────────────────────────────────────────────────────────
  Generating PDF/CDF plots (parallel)...
────────────────────────────────────────────────────────────
  Plotting 25 charts in parallel (24 workers)...
    ✔ vo_delay_probability_nSta6_1Mbps.pdf
    ✔ vo_delay_probability_nSta4_1Mbps.pdf
    ✔ vo_delay_probability_nSta8_1Mbps.pdf
    ✔ vo_delay_probability_nSta12_1Mbps.pdf
    ✔ vo_delay_probability_nSta10_1Mbps.pdf
    ✔ vo_delay_probability_nSta2_1Mbps.pdf
    ✔ vo_delay_probability_nSta16_1Mbps.pdf
    ✔ vo_delay_probability_nSta20_1Mbps.pdf
    ✔ vo_delay_probability_nSta26_1Mbps.pdf
    ✔ vo_delay_probability_nSta42_1Mbps.pdf
    ✔ vo_delay_probability_nSta28_1Mbps.pdf
    ✔ vo_delay_probability_nSta38_1Mbps.pdf
    ✔ vo_delay_probability_nSta14_1Mbps.pdf
    ✔ vo_delay_probability_nSta48_1Mbps.pdf
    ✔ vo_delay_probability_nSta18_1Mbps.pdf
    ✔ vo_delay_probability_nSta36_1Mbps.pdf
    ✔ vo_delay_probability_nSta34_1Mbps.pdf
    ✔ vo_delay_probability_nSta22_1Mbps.pdf
    ✔ vo_delay_probability_nSta30_1Mbps.pdf
    ✔ vo_delay_probability_nSta24_1Mbps.pdf
    ✔ vo_delay_probability_nSta32_1Mbps.pdf
    ✔ vo_delay_probability_nSta44_1Mbps.pdf
    ✔ vo_delay_probability_nSta46_1Mbps.pdf
    ✔ vo_delay_probability_nSta40_1Mbps.pdf
    ✔ vo_delay_probability_nSta50_1Mbps.pdf

────────────────────────────────────────────────────────────
  Generating statistics comparison...
────────────────────────────────────────────────────────────
    ✔ ratio_sweep_statistics_1Mbps.txt  (139,467 bytes)

────────────────────────────────────────────────────────────
  Generating Packet Loss vs nSta plot...
────────────────────────────────────────────────────────────
    ✔ vo_packet_loss_vs_nSta_1Mbps.pdf

════════════════════════════════════════════════════════════
  Sweep complete!  Total time: 10083.1s
  Output directory: /home/wmnlab/Desktop/ns-3.45/scratch/delay_pdf/delay_result_ratio_sweep_1Mbps_rts_on

  Averaged CSV files:
    r000_vo_delay_pdf_nSta10_1Mbps.csv  (25,857 bytes)
    r000_vo_delay_pdf_nSta12_1Mbps.csv  (40,688 bytes)
    r000_vo_delay_pdf_nSta14_1Mbps.csv  (52,921 bytes)
    r000_vo_delay_pdf_nSta16_1Mbps.csv  (79,998 bytes)
    r000_vo_delay_pdf_nSta18_1Mbps.csv  (198,386 bytes)
    r000_vo_delay_pdf_nSta20_1Mbps.csv  (304,182 bytes)
    r000_vo_delay_pdf_nSta22_1Mbps.csv  (382,044 bytes)
    r000_vo_delay_pdf_nSta24_1Mbps.csv  (458,492 bytes)
    r000_vo_delay_pdf_nSta26_1Mbps.csv  (496,645 bytes)
    r000_vo_delay_pdf_nSta28_1Mbps.csv  (527,303 bytes)
    r000_vo_delay_pdf_nSta2_1Mbps.csv  (1,489 bytes)
    r000_vo_delay_pdf_nSta30_1Mbps.csv  (574,333 bytes)
    r000_vo_delay_pdf_nSta32_1Mbps.csv  (676,323 bytes)
    r000_vo_delay_pdf_nSta34_1Mbps.csv  (678,129 bytes)
    r000_vo_delay_pdf_nSta36_1Mbps.csv  (621,868 bytes)
    r000_vo_delay_pdf_nSta38_1Mbps.csv  (675,044 bytes)
    r000_vo_delay_pdf_nSta40_1Mbps.csv  (956,727 bytes)
    r000_vo_delay_pdf_nSta42_1Mbps.csv  (776,218 bytes)
    r000_vo_delay_pdf_nSta44_1Mbps.csv  (1,088,720 bytes)
    r000_vo_delay_pdf_nSta46_1Mbps.csv  (779,852 bytes)
    r000_vo_delay_pdf_nSta48_1Mbps.csv  (789,290 bytes)
    r000_vo_delay_pdf_nSta4_1Mbps.csv  (727 bytes)
    r000_vo_delay_pdf_nSta50_1Mbps.csv  (784,912 bytes)
    r000_vo_delay_pdf_nSta8_1Mbps.csv  (16,412 bytes)
    r020_vo_delay_pdf_nSta10_1Mbps.csv  (25,772 bytes)
    r020_vo_delay_pdf_nSta12_1Mbps.csv  (44,154 bytes)
    r020_vo_delay_pdf_nSta14_1Mbps.csv  (55,209 bytes)
    r020_vo_delay_pdf_nSta16_1Mbps.csv  (91,296 bytes)
    r020_vo_delay_pdf_nSta18_1Mbps.csv  (207,307 bytes)
    r020_vo_delay_pdf_nSta20_1Mbps.csv  (312,079 bytes)
    r020_vo_delay_pdf_nSta22_1Mbps.csv  (398,439 bytes)
    r020_vo_delay_pdf_nSta24_1Mbps.csv  (510,593 bytes)
    r020_vo_delay_pdf_nSta26_1Mbps.csv  (577,997 bytes)
    r020_vo_delay_pdf_nSta28_1Mbps.csv  (627,940 bytes)
    r020_vo_delay_pdf_nSta2_1Mbps.csv  (1,250 bytes)
    r020_vo_delay_pdf_nSta30_1Mbps.csv  (734,707 bytes)
    r020_vo_delay_pdf_nSta32_1Mbps.csv  (731,668 bytes)
    r020_vo_delay_pdf_nSta34_1Mbps.csv  (845,766 bytes)
    r020_vo_delay_pdf_nSta36_1Mbps.csv  (1,114,202 bytes)
    r020_vo_delay_pdf_nSta38_1Mbps.csv  (874,720 bytes)
    r020_vo_delay_pdf_nSta40_1Mbps.csv  (714,402 bytes)
    r020_vo_delay_pdf_nSta42_1Mbps.csv  (631,841 bytes)
    r020_vo_delay_pdf_nSta44_1Mbps.csv  (704,635 bytes)
    r020_vo_delay_pdf_nSta46_1Mbps.csv  (668,881 bytes)
    r020_vo_delay_pdf_nSta48_1Mbps.csv  (685,947 bytes)
    r020_vo_delay_pdf_nSta4_1Mbps.csv  (7,937 bytes)
    r020_vo_delay_pdf_nSta50_1Mbps.csv  (725,879 bytes)
    r020_vo_delay_pdf_nSta8_1Mbps.csv  (16,228 bytes)
    r040_vo_delay_pdf_nSta10_1Mbps.csv  (27,860 bytes)
    r040_vo_delay_pdf_nSta12_1Mbps.csv  (44,847 bytes)
    r040_vo_delay_pdf_nSta14_1Mbps.csv  (59,473 bytes)
    r040_vo_delay_pdf_nSta16_1Mbps.csv  (103,337 bytes)
    r040_vo_delay_pdf_nSta18_1Mbps.csv  (214,189 bytes)
    r040_vo_delay_pdf_nSta20_1Mbps.csv  (319,315 bytes)
    r040_vo_delay_pdf_nSta22_1Mbps.csv  (425,009 bytes)
    r040_vo_delay_pdf_nSta24_1Mbps.csv  (470,308 bytes)
    r040_vo_delay_pdf_nSta26_1Mbps.csv  (548,370 bytes)
    r040_vo_delay_pdf_nSta28_1Mbps.csv  (674,585 bytes)
    r040_vo_delay_pdf_nSta30_1Mbps.csv  (630,846 bytes)
    r040_vo_delay_pdf_nSta32_1Mbps.csv  (826,681 bytes)
    r040_vo_delay_pdf_nSta34_1Mbps.csv  (717,043 bytes)
    r040_vo_delay_pdf_nSta36_1Mbps.csv  (921,537 bytes)
    r040_vo_delay_pdf_nSta38_1Mbps.csv  (1,031,644 bytes)
    r040_vo_delay_pdf_nSta40_1Mbps.csv  (1,056,349 bytes)
    r040_vo_delay_pdf_nSta42_1Mbps.csv  (931,771 bytes)
    r040_vo_delay_pdf_nSta44_1Mbps.csv  (819,976 bytes)
    r040_vo_delay_pdf_nSta46_1Mbps.csv  (879,916 bytes)
    r040_vo_delay_pdf_nSta48_1Mbps.csv  (689,736 bytes)
    r040_vo_delay_pdf_nSta4_1Mbps.csv  (727 bytes)
    r040_vo_delay_pdf_nSta50_1Mbps.csv  (866,055 bytes)
    r040_vo_delay_pdf_nSta6_1Mbps.csv  (2,595 bytes)
    r040_vo_delay_pdf_nSta8_1Mbps.csv  (9,118 bytes)
    r060_vo_delay_pdf_nSta10_1Mbps.csv  (30,316 bytes)
    r060_vo_delay_pdf_nSta12_1Mbps.csv  (47,132 bytes)
    r060_vo_delay_pdf_nSta14_1Mbps.csv  (61,158 bytes)
    r060_vo_delay_pdf_nSta16_1Mbps.csv  (117,771 bytes)
    r060_vo_delay_pdf_nSta18_1Mbps.csv  (225,545 bytes)
    r060_vo_delay_pdf_nSta20_1Mbps.csv  (336,226 bytes)
    r060_vo_delay_pdf_nSta22_1Mbps.csv  (408,445 bytes)
    r060_vo_delay_pdf_nSta24_1Mbps.csv  (550,152 bytes)
    r060_vo_delay_pdf_nSta26_1Mbps.csv  (584,498 bytes)
    r060_vo_delay_pdf_nSta28_1Mbps.csv  (716,175 bytes)
    r060_vo_delay_pdf_nSta2_1Mbps.csv  (417 bytes)
    r060_vo_delay_pdf_nSta30_1Mbps.csv  (595,607 bytes)
    r060_vo_delay_pdf_nSta32_1Mbps.csv  (655,722 bytes)
    r060_vo_delay_pdf_nSta34_1Mbps.csv  (757,929 bytes)
    r060_vo_delay_pdf_nSta36_1Mbps.csv  (876,371 bytes)
    r060_vo_delay_pdf_nSta38_1Mbps.csv  (1,006,272 bytes)
    r060_vo_delay_pdf_nSta40_1Mbps.csv  (1,008,378 bytes)
    r060_vo_delay_pdf_nSta42_1Mbps.csv  (785,348 bytes)
    r060_vo_delay_pdf_nSta44_1Mbps.csv  (789,079 bytes)
    r060_vo_delay_pdf_nSta46_1Mbps.csv  (912,655 bytes)
    r060_vo_delay_pdf_nSta48_1Mbps.csv  (685,623 bytes)
    r060_vo_delay_pdf_nSta4_1Mbps.csv  (8,542 bytes)
    r060_vo_delay_pdf_nSta50_1Mbps.csv  (746,666 bytes)
    r060_vo_delay_pdf_nSta6_1Mbps.csv  (2,123 bytes)
    r060_vo_delay_pdf_nSta8_1Mbps.csv  (6,430 bytes)
    r080_vo_delay_pdf_nSta10_1Mbps.csv  (30,939 bytes)
    r080_vo_delay_pdf_nSta12_1Mbps.csv  (48,019 bytes)
    r080_vo_delay_pdf_nSta14_1Mbps.csv  (62,509 bytes)
    r080_vo_delay_pdf_nSta16_1Mbps.csv  (125,221 bytes)
    r080_vo_delay_pdf_nSta18_1Mbps.csv  (235,146 bytes)
    r080_vo_delay_pdf_nSta20_1Mbps.csv  (342,840 bytes)
    r080_vo_delay_pdf_nSta22_1Mbps.csv  (422,831 bytes)
    r080_vo_delay_pdf_nSta24_1Mbps.csv  (512,295 bytes)
    r080_vo_delay_pdf_nSta26_1Mbps.csv  (587,261 bytes)
    r080_vo_delay_pdf_nSta28_1Mbps.csv  (762,217 bytes)
    r080_vo_delay_pdf_nSta2_1Mbps.csv  (1,718 bytes)
    r080_vo_delay_pdf_nSta30_1Mbps.csv  (780,904 bytes)
    r080_vo_delay_pdf_nSta32_1Mbps.csv  (896,258 bytes)
    r080_vo_delay_pdf_nSta34_1Mbps.csv  (805,253 bytes)
    r080_vo_delay_pdf_nSta36_1Mbps.csv  (850,287 bytes)
    r080_vo_delay_pdf_nSta38_1Mbps.csv  (1,081,729 bytes)
    r080_vo_delay_pdf_nSta40_1Mbps.csv  (994,078 bytes)
    r080_vo_delay_pdf_nSta42_1Mbps.csv  (916,460 bytes)
    r080_vo_delay_pdf_nSta44_1Mbps.csv  (1,032,905 bytes)
    r080_vo_delay_pdf_nSta46_1Mbps.csv  (635,628 bytes)
    r080_vo_delay_pdf_nSta48_1Mbps.csv  (1,014,457 bytes)
    r080_vo_delay_pdf_nSta4_1Mbps.csv  (1,989 bytes)
    r080_vo_delay_pdf_nSta50_1Mbps.csv  (736,255 bytes)
    r080_vo_delay_pdf_nSta6_1Mbps.csv  (3,645 bytes)
    r080_vo_delay_pdf_nSta8_1Mbps.csv  (18,749 bytes)
    r100_vo_delay_pdf_nSta10_1Mbps.csv  (31,532 bytes)
    r100_vo_delay_pdf_nSta12_1Mbps.csv  (48,779 bytes)
    r100_vo_delay_pdf_nSta14_1Mbps.csv  (63,000 bytes)
    r100_vo_delay_pdf_nSta16_1Mbps.csv  (135,849 bytes)
    r100_vo_delay_pdf_nSta18_1Mbps.csv  (244,188 bytes)
    r100_vo_delay_pdf_nSta20_1Mbps.csv  (357,902 bytes)
    r100_vo_delay_pdf_nSta22_1Mbps.csv  (463,675 bytes)
    r100_vo_delay_pdf_nSta24_1Mbps.csv  (516,368 bytes)
    r100_vo_delay_pdf_nSta26_1Mbps.csv  (621,172 bytes)
    r100_vo_delay_pdf_nSta28_1Mbps.csv  (690,146 bytes)
    r100_vo_delay_pdf_nSta2_1Mbps.csv  (690 bytes)
    r100_vo_delay_pdf_nSta30_1Mbps.csv  (741,159 bytes)
    r100_vo_delay_pdf_nSta32_1Mbps.csv  (713,455 bytes)
    r100_vo_delay_pdf_nSta34_1Mbps.csv  (766,728 bytes)
    r100_vo_delay_pdf_nSta36_1Mbps.csv  (862,811 bytes)
    r100_vo_delay_pdf_nSta38_1Mbps.csv  (1,052,203 bytes)
    r100_vo_delay_pdf_nSta40_1Mbps.csv  (625,087 bytes)
    r100_vo_delay_pdf_nSta42_1Mbps.csv  (614,930 bytes)
    r100_vo_delay_pdf_nSta44_1Mbps.csv  (686,336 bytes)
    r100_vo_delay_pdf_nSta46_1Mbps.csv  (788,485 bytes)
    r100_vo_delay_pdf_nSta48_1Mbps.csv  (848,002 bytes)
    r100_vo_delay_pdf_nSta4_1Mbps.csv  (3,056 bytes)
    r100_vo_delay_pdf_nSta50_1Mbps.csv  (1,145,224 bytes)
    r100_vo_delay_pdf_nSta8_1Mbps.csv  (18,714 bytes)

  Plot files:
    vo_delay_probability_nSta10_1Mbps.pdf  (47,449 bytes)
    vo_delay_probability_nSta12_1Mbps.pdf  (55,900 bytes)
    vo_delay_probability_nSta14_1Mbps.pdf  (74,752 bytes)
    vo_delay_probability_nSta16_1Mbps.pdf  (141,470 bytes)
    vo_delay_probability_nSta18_1Mbps.pdf  (411,028 bytes)
    vo_delay_probability_nSta20_1Mbps.pdf  (539,200 bytes)
    vo_delay_probability_nSta22_1Mbps.pdf  (641,262 bytes)
    vo_delay_probability_nSta24_1Mbps.pdf  (778,191 bytes)
    vo_delay_probability_nSta26_1Mbps.pdf  (828,861 bytes)
    vo_delay_probability_nSta28_1Mbps.pdf  (1,004,044 bytes)
    vo_delay_probability_nSta2_1Mbps.pdf  (31,623 bytes)
    vo_delay_probability_nSta30_1Mbps.pdf  (1,000,499 bytes)
    vo_delay_probability_nSta32_1Mbps.pdf  (1,022,458 bytes)
    vo_delay_probability_nSta34_1Mbps.pdf  (1,099,313 bytes)
    vo_delay_probability_nSta36_1Mbps.pdf  (1,246,482 bytes)
    vo_delay_probability_nSta38_1Mbps.pdf  (1,360,724 bytes)
    vo_delay_probability_nSta40_1Mbps.pdf  (1,305,123 bytes)
    vo_delay_probability_nSta42_1Mbps.pdf  (1,006,987 bytes)
    vo_delay_probability_nSta44_1Mbps.pdf  (1,225,051 bytes)
    vo_delay_probability_nSta46_1Mbps.pdf  (1,120,372 bytes)
    vo_delay_probability_nSta48_1Mbps.pdf  (1,125,214 bytes)
    vo_delay_probability_nSta4_1Mbps.pdf  (35,202 bytes)
    vo_delay_probability_nSta50_1Mbps.pdf  (1,168,992 bytes)
    vo_delay_probability_nSta6_1Mbps.pdf  (32,237 bytes)
    vo_delay_probability_nSta8_1Mbps.pdf  (40,096 bytes)
    vo_packet_loss_vs_nSta_1Mbps.pdf  (30,057 bytes)

  Log files:
    sim_log_nSta10_1Mbps.txt  (9,131 bytes)
    sim_log_nSta12_1Mbps.txt  (9,137 bytes)
    sim_log_nSta14_1Mbps.txt  (9,435 bytes)
    sim_log_nSta16_1Mbps.txt  (9,545 bytes)
    sim_log_nSta18_1Mbps.txt  (9,634 bytes)
    sim_log_nSta20_1Mbps.txt  (9,921 bytes)
    sim_log_nSta22_1Mbps.txt  (9,903 bytes)
    sim_log_nSta24_1Mbps.txt  (9,966 bytes)
    sim_log_nSta26_1Mbps.txt  (9,957 bytes)
    sim_log_nSta28_1Mbps.txt  (9,934 bytes)
    sim_log_nSta2_1Mbps.txt  (7,516 bytes)
    sim_log_nSta30_1Mbps.txt  (9,958 bytes)
    sim_log_nSta32_1Mbps.txt  (9,995 bytes)
    sim_log_nSta34_1Mbps.txt  (10,029 bytes)
    sim_log_nSta36_1Mbps.txt  (10,029 bytes)
    sim_log_nSta38_1Mbps.txt  (10,060 bytes)
    sim_log_nSta40_1Mbps.txt  (10,087 bytes)
    sim_log_nSta42_1Mbps.txt  (10,045 bytes)
    sim_log_nSta44_1Mbps.txt  (10,112 bytes)
    sim_log_nSta46_1Mbps.txt  (10,024 bytes)
    sim_log_nSta48_1Mbps.txt  (10,090 bytes)
    sim_log_nSta4_1Mbps.txt  (7,290 bytes)
    sim_log_nSta50_1Mbps.txt  (9,995 bytes)
    sim_log_nSta6_1Mbps.txt  (5,953 bytes)
    sim_log_nSta8_1Mbps.txt  (7,295 bytes)

  Statistics comparison:
    ratio_sweep_statistics_1Mbps.txt  (139,467 bytes)
════════════════════════════════════════════════════════════

