nohup: ignoring input

╔══════════════════════════════════════════════════════════╗
║  P-EDCA Ratio Sweep (Parallel, Multi-Run Averaging)    ║
║  nSta = [2, 4, 6, 8, 10, 12, 14, 16, 18, 20, 22, 24, 26, 28, 30, 32, 34, 36, 38, 40, 42, 44, 46, 48, 50]
║  ratios = [0.0, 0.2, 0.4, 0.6, 0.8, 1.0]
║  dataRate = 0.5Mbps    simTime = 10.0s
║  runs = 10    workers = 16.0
║  binary = scratch/pedca_verification_nsta.cc
╚══════════════════════════════════════════════════════════╝

  Launching 25 nSta groups × 6 ratios × 10 runs = 1500 simulations
  (16.0 nSta groups in parallel)

  ✔ nSta= 2  ratio=0%  9/10 runs OK  elapsed=17.1s
  ✔ nSta= 2  ratio=20%  10/10 runs OK  elapsed=5.3s
  ✔ nSta= 2  ratio=40%  10/10 runs OK  elapsed=5.7s
  ✔ nSta= 2  ratio=60%  10/10 runs OK  elapsed=5.8s
  ✔ nSta= 2  ratio=80%  10/10 runs OK  elapsed=5.9s
  ✔ nSta= 2  ratio=100%  10/10 runs OK  elapsed=6.1s
  ✔ nSta= 4  ratio=0%  6/10 runs OK  elapsed=19.4s
  ✔ nSta= 4  ratio=20%  10/10 runs OK  elapsed=12.4s
  ✔ nSta= 4  ratio=40%  10/10 runs OK  elapsed=12.3s
  ✔ nSta= 4  ratio=60%  10/10 runs OK  elapsed=15.1s
  ✔ nSta= 4  ratio=80%  10/10 runs OK  elapsed=11.9s
  ✔ nSta= 4  ratio=100%  10/10 runs OK  elapsed=12.6s
  ✔ nSta= 6  ratio=0%  8/10 runs OK  elapsed=35.8s
  ✔ nSta= 6  ratio=20%  10/10 runs OK  elapsed=23.2s
  ✔ nSta= 6  ratio=40%  10/10 runs OK  elapsed=23.5s
  ✔ nSta= 6  ratio=60%  10/10 runs OK  elapsed=27.0s
  ✔ nSta= 6  ratio=80%  10/10 runs OK  elapsed=28.2s
  ✔ nSta= 6  ratio=100%  10/10 runs OK  elapsed=30.6s
  ✔ nSta= 8  ratio=0%  8/10 runs OK  elapsed=51.7s
  ✔ nSta= 8  ratio=20%  10/10 runs OK  elapsed=43.1s
  ✔ nSta= 8  ratio=40%  10/10 runs OK  elapsed=43.5s
  ✔ nSta= 8  ratio=60%  10/10 runs OK  elapsed=45.4s
  ✔ nSta= 8  ratio=80%  10/10 runs OK  elapsed=41.2s
  ✔ nSta= 8  ratio=100%  10/10 runs OK  elapsed=49.4s
  ✔ nSta=10  ratio=0%  10/10 runs OK  elapsed=70.2s
  ✔ nSta=10  ratio=20%  10/10 runs OK  elapsed=54.3s
  ✔ nSta=10  ratio=40%  10/10 runs OK  elapsed=68.4s
  ✔ nSta=10  ratio=60%  10/10 runs OK  elapsed=60.3s
  ✔ nSta=10  ratio=80%  10/10 runs OK  elapsed=63.3s
  ✔ nSta=10  ratio=100%  10/10 runs OK  elapsed=55.7s
  ✔ nSta=12  ratio=0%  5/10 runs OK  elapsed=53.8s
  ✔ nSta=12  ratio=20%  10/10 runs OK  elapsed=88.8s
  ✔ nSta=12  ratio=40%  10/10 runs OK  elapsed=79.4s
  ✔ nSta=12  ratio=60%  10/10 runs OK  elapsed=88.7s
  ✔ nSta=12  ratio=80%  10/10 runs OK  elapsed=79.4s
  ✔ nSta=12  ratio=100%  10/10 runs OK  elapsed=89.0s
  ✔ nSta=14  ratio=0%  6/10 runs OK  elapsed=72.3s
  ✔ nSta=14  ratio=20%  10/10 runs OK  elapsed=105.5s
  ✔ nSta=14  ratio=40%  10/10 runs OK  elapsed=130.6s
  ✔ nSta=14  ratio=60%  10/10 runs OK  elapsed=119.4s
  ✔ nSta=14  ratio=80%  10/10 runs OK  elapsed=117.7s
  ✔ nSta=14  ratio=100%  10/10 runs OK  elapsed=142.3s
  ✔ nSta=16  ratio=0%  7/10 runs OK  elapsed=114.9s
  ✔ nSta=16  ratio=20%  10/10 runs OK  elapsed=176.8s
  ✔ nSta=16  ratio=40%  10/10 runs OK  elapsed=174.1s
  ✔ nSta=16  ratio=60%  10/10 runs OK  elapsed=145.0s
  ✔ nSta=16  ratio=80%  10/10 runs OK  elapsed=151.2s
  ✔ nSta=16  ratio=100%  10/10 runs OK  elapsed=136.7s
  ✔ nSta=18  ratio=0%  9/10 runs OK  elapsed=210.0s
  ✔ nSta=18  ratio=20%  10/10 runs OK  elapsed=187.8s
  ✔ nSta=18  ratio=40%  10/10 runs OK  elapsed=187.0s
  ✔ nSta=18  ratio=60%  10/10 runs OK  elapsed=203.1s
  ✔ nSta=18  ratio=80%  10/10 runs OK  elapsed=223.0s
  ✔ nSta=18  ratio=100%  10/10 runs OK  elapsed=202.1s
  ✔ nSta=20  ratio=0%  6/10 runs OK  elapsed=145.7s
  ✔ nSta=20  ratio=20%  10/10 runs OK  elapsed=266.0s
  ✔ nSta=20  ratio=40%  10/10 runs OK  elapsed=221.5s
  ✔ nSta=20  ratio=60%  10/10 runs OK  elapsed=230.5s
  ✔ nSta=20  ratio=80%  10/10 runs OK  elapsed=255.3s
  ✔ nSta=20  ratio=100%  10/10 runs OK  elapsed=216.4s
  ✔ nSta=22  ratio=0%  7/10 runs OK  elapsed=188.6s
  ✔ nSta=22  ratio=20%  10/10 runs OK  elapsed=363.5s
  ✔ nSta=22  ratio=40%  10/10 runs OK  elapsed=340.5s
  ✔ nSta=22  ratio=60%  10/10 runs OK  elapsed=338.4s
  ✔ nSta=22  ratio=80%  10/10 runs OK  elapsed=232.6s
  ✔ nSta=22  ratio=100%  10/10 runs OK  elapsed=291.4s
  ✔ nSta=24  ratio=0%  8/10 runs OK  elapsed=420.0s
  ✔ nSta=24  ratio=20%  10/10 runs OK  elapsed=376.5s
  ✔ nSta=24  ratio=40%  10/10 runs OK  elapsed=365.4s
  ✔ nSta=24  ratio=60%  10/10 runs OK  elapsed=315.2s
  ✔ nSta=24  ratio=80%  10/10 runs OK  elapsed=306.2s
  ✔ nSta=24  ratio=100%  10/10 runs OK  elapsed=349.8s
  ✔ nSta=26  ratio=0%  7/10 runs OK  elapsed=330.7s
  ✔ nSta=26  ratio=20%  10/10 runs OK  elapsed=528.1s
  ✔ nSta=26  ratio=40%  10/10 runs OK  elapsed=369.4s
  ✔ nSta=26  ratio=60%  10/10 runs OK  elapsed=362.7s
  ✔ nSta=26  ratio=80%  10/10 runs OK  elapsed=503.6s
  ✔ nSta=26  ratio=100%  10/10 runs OK  elapsed=466.0s
  ✔ nSta=28  ratio=0%  6/10 runs OK  elapsed=402.4s
  ✔ nSta=28  ratio=20%  10/10 runs OK  elapsed=579.0s
  ✔ nSta=28  ratio=40%  10/10 runs OK  elapsed=556.7s
  ✔ nSta=28  ratio=60%  10/10 runs OK  elapsed=534.7s
  ✔ nSta=28  ratio=80%  10/10 runs OK  elapsed=417.8s
  ✔ nSta=28  ratio=100%  10/10 runs OK  elapsed=518.4s
  ✔ nSta=30  ratio=0%  9/10 runs OK  elapsed=715.6s
  ✔ nSta=30  ratio=20%  10/10 runs OK  elapsed=689.6s
  ✔ nSta=30  ratio=40%  10/10 runs OK  elapsed=731.9s
  ✔ nSta=30  ratio=60%  10/10 runs OK  elapsed=462.1s
  ✔ nSta=30  ratio=80%  10/10 runs OK  elapsed=527.4s
  ✔ nSta=30  ratio=100%  10/10 runs OK  elapsed=430.7s
  ✔ nSta=32  ratio=0%  6/10 runs OK  elapsed=472.8s
  ✔ nSta=32  ratio=20%  10/10 runs OK  elapsed=727.3s
  ✔ nSta=32  ratio=40%  10/10 runs OK  elapsed=691.0s
  ✔ nSta=32  ratio=60%  10/10 runs OK  elapsed=695.2s
  ✔ nSta=32  ratio=80%  10/10 runs OK  elapsed=657.5s
  ✔ nSta=32  ratio=100%  10/10 runs OK  elapsed=581.6s
  ✔ nSta=34  ratio=0%  10/10 runs OK  elapsed=900.7s
  ✔ nSta=34  ratio=20%  10/10 runs OK  elapsed=823.7s
  ✔ nSta=34  ratio=40%  10/10 runs OK  elapsed=647.3s
  ✔ nSta=34  ratio=60%  10/10 runs OK  elapsed=660.8s
  ✔ nSta=34  ratio=80%  10/10 runs OK  elapsed=652.4s
  ✔ nSta=34  ratio=100%  10/10 runs OK  elapsed=697.8s
  ✔ nSta=36  ratio=0%  10/10 runs OK  elapsed=1178.7s
  ✔ nSta=36  ratio=20%  10/10 runs OK  elapsed=909.2s
  ✔ nSta=36  ratio=40%  10/10 runs OK  elapsed=894.4s
  ✔ nSta=36  ratio=60%  10/10 runs OK  elapsed=832.9s
  ✔ nSta=36  ratio=80%  10/10 runs OK  elapsed=717.6s
  ✔ nSta=36  ratio=100%  10/10 runs OK  elapsed=669.3s
  ✔ nSta=38  ratio=0%  10/10 runs OK  elapsed=1307.3s
  ✔ nSta=38  ratio=20%  10/10 runs OK  elapsed=1046.3s
  ✔ nSta=38  ratio=40%  10/10 runs OK  elapsed=880.2s
  ✔ nSta=38  ratio=60%  10/10 runs OK  elapsed=835.8s
  ✔ nSta=38  ratio=80%  10/10 runs OK  elapsed=763.9s
  ✔ nSta=38  ratio=100%  10/10 runs OK  elapsed=688.5s
  ✔ nSta=42  ratio=0%  10/10 runs OK  elapsed=1188.4s
  ✔ nSta=42  ratio=20%  10/10 runs OK  elapsed=912.1s
  ✔ nSta=42  ratio=40%  10/10 runs OK  elapsed=983.3s
  ✔ nSta=42  ratio=60%  10/10 runs OK  elapsed=838.5s
  ✔ nSta=42  ratio=80%  10/10 runs OK  elapsed=774.4s
  ✔ nSta=42  ratio=100%  10/10 runs OK  elapsed=740.7s
  ✔ nSta=40  ratio=0%  10/10 runs OK  elapsed=1342.8s
  ✔ nSta=40  ratio=20%  10/10 runs OK  elapsed=1032.7s
  ✔ nSta=40  ratio=40%  10/10 runs OK  elapsed=950.2s
  ✔ nSta=40  ratio=60%  10/10 runs OK  elapsed=788.9s
  ✔ nSta=40  ratio=80%  10/10 runs OK  elapsed=738.4s
  ✔ nSta=40  ratio=100%  10/10 runs OK  elapsed=712.0s
  ✔ nSta=44  ratio=0%  10/10 runs OK  elapsed=1486.8s
  ✔ nSta=44  ratio=20%  10/10 runs OK  elapsed=1092.0s
  ✔ nSta=44  ratio=40%  10/10 runs OK  elapsed=860.4s
  ✔ nSta=44  ratio=60%  10/10 runs OK  elapsed=827.3s
  ✔ nSta=44  ratio=80%  10/10 runs OK  elapsed=792.2s
  ✔ nSta=44  ratio=100%  10/10 runs OK  elapsed=711.8s
  ✔ nSta=46  ratio=0%  10/10 runs OK  elapsed=1295.6s
  ✔ nSta=46  ratio=20%  10/10 runs OK  elapsed=995.5s
  ✔ nSta=46  ratio=40%  10/10 runs OK  elapsed=1031.5s
  ✔ nSta=46  ratio=60%  10/10 runs OK  elapsed=849.3s
  ✔ nSta=46  ratio=80%  10/10 runs OK  elapsed=822.6s
  ✔ nSta=46  ratio=100%  10/10 runs OK  elapsed=718.8s
  ✔ nSta=48  ratio=0%  10/10 runs OK  elapsed=1390.8s
  ✔ nSta=48  ratio=20%  10/10 runs OK  elapsed=1149.2s
  ✔ nSta=48  ratio=40%  10/10 runs OK  elapsed=905.9s
  ✔ nSta=48  ratio=60%  10/10 runs OK  elapsed=866.6s
  ✔ nSta=48  ratio=80%  10/10 runs OK  elapsed=808.1s
  ✔ nSta=48  ratio=100%  10/10 runs OK  elapsed=699.5s
  ✔ nSta=50  ratio=0%  10/10 runs OK  elapsed=1399.7s
  ✔ nSta=50  ratio=20%  10/10 runs OK  elapsed=1132.5s
  ✔ nSta=50  ratio=40%  10/10 runs OK  elapsed=962.2s
  ✔ nSta=50  ratio=60%  10/10 runs OK  elapsed=884.7s
  ✔ nSta=50  ratio=80%  10/10 runs OK  elapsed=778.3s
  ✔ nSta=50  ratio=100%  10/10 runs OK  elapsed=686.4s

────────────────────────────────────────────────────────────
  Generating plots...
────────────────────────────────────────────────────────────
    ✔ vo_delay_probability_nSta2_0.5Mbps.pdf
    ✔ vo_delay_probability_nSta4_0.5Mbps.pdf
    ✔ vo_delay_probability_nSta6_0.5Mbps.pdf
    ✔ vo_delay_probability_nSta8_0.5Mbps.pdf
    ✔ vo_delay_probability_nSta10_0.5Mbps.pdf
    ✔ vo_delay_probability_nSta12_0.5Mbps.pdf
    ✔ vo_delay_probability_nSta14_0.5Mbps.pdf
    ✔ vo_delay_probability_nSta16_0.5Mbps.pdf
    ✔ vo_delay_probability_nSta18_0.5Mbps.pdf
    ✔ vo_delay_probability_nSta20_0.5Mbps.pdf
    ✔ vo_delay_probability_nSta22_0.5Mbps.pdf
    ✔ vo_delay_probability_nSta24_0.5Mbps.pdf
    ✔ vo_delay_probability_nSta26_0.5Mbps.pdf
    ✔ vo_delay_probability_nSta28_0.5Mbps.pdf
    ✔ vo_delay_probability_nSta30_0.5Mbps.pdf
    ✔ vo_delay_probability_nSta32_0.5Mbps.pdf
    ✔ vo_delay_probability_nSta34_0.5Mbps.pdf
    ✔ vo_delay_probability_nSta36_0.5Mbps.pdf
    ✔ vo_delay_probability_nSta38_0.5Mbps.pdf
    ✔ vo_delay_probability_nSta40_0.5Mbps.pdf
    ✔ vo_delay_probability_nSta42_0.5Mbps.pdf
    ✔ vo_delay_probability_nSta44_0.5Mbps.pdf
    ✔ vo_delay_probability_nSta46_0.5Mbps.pdf
    ✔ vo_delay_probability_nSta48_0.5Mbps.pdf
    ✔ vo_delay_probability_nSta50_0.5Mbps.pdf

────────────────────────────────────────────────────────────
  Generating statistics comparison...
────────────────────────────────────────────────────────────
    ✔ ratio_sweep_statistics_0.5Mbps.txt  (138,056 bytes)

════════════════════════════════════════════════════════════
  Sweep complete!  Total time: 7097.3s
  Output directory: /home/wmnlab/Desktop/ns-3.45/scratch/delay_pdf/delay_result_ratio_sweep_0.5Mbps_rts_off

  Averaged CSV files:
    r000_vo_delay_pdf_nSta10_0.5Mbps.csv  (7,907 bytes)
    r000_vo_delay_pdf_nSta12_0.5Mbps.csv  (8,851 bytes)
    r000_vo_delay_pdf_nSta14_0.5Mbps.csv  (22,540 bytes)
    r000_vo_delay_pdf_nSta16_0.5Mbps.csv  (12,590 bytes)
    r000_vo_delay_pdf_nSta18_0.5Mbps.csv  (26,276 bytes)
    r000_vo_delay_pdf_nSta20_0.5Mbps.csv  (30,411 bytes)
    r000_vo_delay_pdf_nSta22_0.5Mbps.csv  (37,102 bytes)
    r000_vo_delay_pdf_nSta24_0.5Mbps.csv  (35,150 bytes)
    r000_vo_delay_pdf_nSta26_0.5Mbps.csv  (54,391 bytes)
    r000_vo_delay_pdf_nSta28_0.5Mbps.csv  (32,514 bytes)
    r000_vo_delay_pdf_nSta2_0.5Mbps.csv  (1,004 bytes)
    r000_vo_delay_pdf_nSta30_0.5Mbps.csv  (60,838 bytes)
    r000_vo_delay_pdf_nSta32_0.5Mbps.csv  (53,833 bytes)
    r000_vo_delay_pdf_nSta34_0.5Mbps.csv  (127,628 bytes)
    r000_vo_delay_pdf_nSta36_0.5Mbps.csv  (165,259 bytes)
    r000_vo_delay_pdf_nSta38_0.5Mbps.csv  (169,464 bytes)
    r000_vo_delay_pdf_nSta40_0.5Mbps.csv  (172,567 bytes)
    r000_vo_delay_pdf_nSta42_0.5Mbps.csv  (170,110 bytes)
    r000_vo_delay_pdf_nSta44_0.5Mbps.csv  (171,968 bytes)
    r000_vo_delay_pdf_nSta46_0.5Mbps.csv  (170,310 bytes)
    r000_vo_delay_pdf_nSta48_0.5Mbps.csv  (169,705 bytes)
    r000_vo_delay_pdf_nSta4_0.5Mbps.csv  (5,268 bytes)
    r000_vo_delay_pdf_nSta50_0.5Mbps.csv  (168,272 bytes)
    r000_vo_delay_pdf_nSta6_0.5Mbps.csv  (1,308 bytes)
    r000_vo_delay_pdf_nSta8_0.5Mbps.csv  (7,600 bytes)
    r020_vo_delay_pdf_nSta10_0.5Mbps.csv  (8,095 bytes)
    r020_vo_delay_pdf_nSta12_0.5Mbps.csv  (9,664 bytes)
    r020_vo_delay_pdf_nSta14_0.5Mbps.csv  (22,293 bytes)
    r020_vo_delay_pdf_nSta16_0.5Mbps.csv  (15,094 bytes)
    r020_vo_delay_pdf_nSta18_0.5Mbps.csv  (27,164 bytes)
    r020_vo_delay_pdf_nSta20_0.5Mbps.csv  (31,173 bytes)
    r020_vo_delay_pdf_nSta22_0.5Mbps.csv  (38,267 bytes)
    r020_vo_delay_pdf_nSta24_0.5Mbps.csv  (41,637 bytes)
    r020_vo_delay_pdf_nSta26_0.5Mbps.csv  (61,872 bytes)
    r020_vo_delay_pdf_nSta28_0.5Mbps.csv  (46,328 bytes)
    r020_vo_delay_pdf_nSta2_0.5Mbps.csv  (1,139 bytes)
    r020_vo_delay_pdf_nSta30_0.5Mbps.csv  (61,542 bytes)
    r020_vo_delay_pdf_nSta32_0.5Mbps.csv  (68,577 bytes)
    r020_vo_delay_pdf_nSta34_0.5Mbps.csv  (138,802 bytes)
    r020_vo_delay_pdf_nSta36_0.5Mbps.csv  (170,933 bytes)
    r020_vo_delay_pdf_nSta38_0.5Mbps.csv  (171,340 bytes)
    r020_vo_delay_pdf_nSta40_0.5Mbps.csv  (174,785 bytes)
    r020_vo_delay_pdf_nSta42_0.5Mbps.csv  (170,806 bytes)
    r020_vo_delay_pdf_nSta44_0.5Mbps.csv  (170,180 bytes)
    r020_vo_delay_pdf_nSta46_0.5Mbps.csv  (170,966 bytes)
    r020_vo_delay_pdf_nSta48_0.5Mbps.csv  (172,397 bytes)
    r020_vo_delay_pdf_nSta4_0.5Mbps.csv  (5,592 bytes)
    r020_vo_delay_pdf_nSta50_0.5Mbps.csv  (170,864 bytes)
    r020_vo_delay_pdf_nSta6_0.5Mbps.csv  (2,475 bytes)
    r020_vo_delay_pdf_nSta8_0.5Mbps.csv  (8,000 bytes)
    r040_vo_delay_pdf_nSta10_0.5Mbps.csv  (8,561 bytes)
    r040_vo_delay_pdf_nSta12_0.5Mbps.csv  (10,140 bytes)
    r040_vo_delay_pdf_nSta14_0.5Mbps.csv  (23,116 bytes)
    r040_vo_delay_pdf_nSta16_0.5Mbps.csv  (14,778 bytes)
    r040_vo_delay_pdf_nSta18_0.5Mbps.csv  (28,818 bytes)
    r040_vo_delay_pdf_nSta20_0.5Mbps.csv  (32,563 bytes)
    r040_vo_delay_pdf_nSta22_0.5Mbps.csv  (38,424 bytes)
    r040_vo_delay_pdf_nSta24_0.5Mbps.csv  (42,439 bytes)
    r040_vo_delay_pdf_nSta26_0.5Mbps.csv  (63,548 bytes)
    r040_vo_delay_pdf_nSta28_0.5Mbps.csv  (46,108 bytes)
    r040_vo_delay_pdf_nSta2_0.5Mbps.csv  (1,139 bytes)
    r040_vo_delay_pdf_nSta30_0.5Mbps.csv  (62,814 bytes)
    r040_vo_delay_pdf_nSta32_0.5Mbps.csv  (70,208 bytes)
    r040_vo_delay_pdf_nSta34_0.5Mbps.csv  (154,536 bytes)
    r040_vo_delay_pdf_nSta36_0.5Mbps.csv  (173,859 bytes)
    r040_vo_delay_pdf_nSta38_0.5Mbps.csv  (175,001 bytes)
    r040_vo_delay_pdf_nSta40_0.5Mbps.csv  (175,450 bytes)
    r040_vo_delay_pdf_nSta42_0.5Mbps.csv  (172,748 bytes)
    r040_vo_delay_pdf_nSta44_0.5Mbps.csv  (173,386 bytes)
    r040_vo_delay_pdf_nSta46_0.5Mbps.csv  (174,057 bytes)
    r040_vo_delay_pdf_nSta48_0.5Mbps.csv  (170,908 bytes)
    r040_vo_delay_pdf_nSta4_0.5Mbps.csv  (5,592 bytes)
    r040_vo_delay_pdf_nSta50_0.5Mbps.csv  (173,219 bytes)
    r040_vo_delay_pdf_nSta6_0.5Mbps.csv  (2,475 bytes)
    r040_vo_delay_pdf_nSta8_0.5Mbps.csv  (8,142 bytes)
    r060_vo_delay_pdf_nSta10_0.5Mbps.csv  (8,382 bytes)
    r060_vo_delay_pdf_nSta12_0.5Mbps.csv  (10,551 bytes)
    r060_vo_delay_pdf_nSta14_0.5Mbps.csv  (23,400 bytes)
    r060_vo_delay_pdf_nSta16_0.5Mbps.csv  (14,585 bytes)
    r060_vo_delay_pdf_nSta18_0.5Mbps.csv  (28,907 bytes)
    r060_vo_delay_pdf_nSta20_0.5Mbps.csv  (32,667 bytes)
    r060_vo_delay_pdf_nSta22_0.5Mbps.csv  (39,297 bytes)
    r060_vo_delay_pdf_nSta24_0.5Mbps.csv  (43,965 bytes)
    r060_vo_delay_pdf_nSta26_0.5Mbps.csv  (64,684 bytes)
    r060_vo_delay_pdf_nSta28_0.5Mbps.csv  (48,867 bytes)
    r060_vo_delay_pdf_nSta2_0.5Mbps.csv  (1,139 bytes)
    r060_vo_delay_pdf_nSta30_0.5Mbps.csv  (63,568 bytes)
    r060_vo_delay_pdf_nSta32_0.5Mbps.csv  (71,299 bytes)
    r060_vo_delay_pdf_nSta34_0.5Mbps.csv  (161,947 bytes)
    r060_vo_delay_pdf_nSta36_0.5Mbps.csv  (175,721 bytes)
    r060_vo_delay_pdf_nSta38_0.5Mbps.csv  (176,379 bytes)
    r060_vo_delay_pdf_nSta40_0.5Mbps.csv  (178,493 bytes)
    r060_vo_delay_pdf_nSta42_0.5Mbps.csv  (174,658 bytes)
    r060_vo_delay_pdf_nSta44_0.5Mbps.csv  (176,610 bytes)
    r060_vo_delay_pdf_nSta46_0.5Mbps.csv  (172,981 bytes)
    r060_vo_delay_pdf_nSta48_0.5Mbps.csv  (173,549 bytes)
    r060_vo_delay_pdf_nSta4_0.5Mbps.csv  (5,694 bytes)
    r060_vo_delay_pdf_nSta50_0.5Mbps.csv  (173,231 bytes)
    r060_vo_delay_pdf_nSta6_0.5Mbps.csv  (2,475 bytes)
    r060_vo_delay_pdf_nSta8_0.5Mbps.csv  (8,142 bytes)
    r080_vo_delay_pdf_nSta10_0.5Mbps.csv  (8,282 bytes)
    r080_vo_delay_pdf_nSta12_0.5Mbps.csv  (9,795 bytes)
    r080_vo_delay_pdf_nSta14_0.5Mbps.csv  (24,125 bytes)
    r080_vo_delay_pdf_nSta16_0.5Mbps.csv  (15,247 bytes)
    r080_vo_delay_pdf_nSta18_0.5Mbps.csv  (29,012 bytes)
    r080_vo_delay_pdf_nSta20_0.5Mbps.csv  (34,488 bytes)
    r080_vo_delay_pdf_nSta22_0.5Mbps.csv  (39,903 bytes)
    r080_vo_delay_pdf_nSta24_0.5Mbps.csv  (44,860 bytes)
    r080_vo_delay_pdf_nSta26_0.5Mbps.csv  (64,014 bytes)
    r080_vo_delay_pdf_nSta28_0.5Mbps.csv  (47,108 bytes)
    r080_vo_delay_pdf_nSta2_0.5Mbps.csv  (1,139 bytes)
    r080_vo_delay_pdf_nSta30_0.5Mbps.csv  (64,214 bytes)
    r080_vo_delay_pdf_nSta32_0.5Mbps.csv  (72,445 bytes)
    r080_vo_delay_pdf_nSta34_0.5Mbps.csv  (169,143 bytes)
    r080_vo_delay_pdf_nSta36_0.5Mbps.csv  (177,954 bytes)
    r080_vo_delay_pdf_nSta38_0.5Mbps.csv  (176,971 bytes)
    r080_vo_delay_pdf_nSta40_0.5Mbps.csv  (175,954 bytes)
    r080_vo_delay_pdf_nSta42_0.5Mbps.csv  (175,227 bytes)
    r080_vo_delay_pdf_nSta44_0.5Mbps.csv  (176,526 bytes)
    r080_vo_delay_pdf_nSta46_0.5Mbps.csv  (176,939 bytes)
    r080_vo_delay_pdf_nSta48_0.5Mbps.csv  (174,847 bytes)
    r080_vo_delay_pdf_nSta4_0.5Mbps.csv  (5,839 bytes)
    r080_vo_delay_pdf_nSta50_0.5Mbps.csv  (174,360 bytes)
    r080_vo_delay_pdf_nSta6_0.5Mbps.csv  (2,475 bytes)
    r080_vo_delay_pdf_nSta8_0.5Mbps.csv  (7,682 bytes)
    r100_vo_delay_pdf_nSta10_0.5Mbps.csv  (8,635 bytes)
    r100_vo_delay_pdf_nSta12_0.5Mbps.csv  (9,969 bytes)
    r100_vo_delay_pdf_nSta14_0.5Mbps.csv  (23,591 bytes)
    r100_vo_delay_pdf_nSta16_0.5Mbps.csv  (15,263 bytes)
    r100_vo_delay_pdf_nSta18_0.5Mbps.csv  (29,014 bytes)
    r100_vo_delay_pdf_nSta20_0.5Mbps.csv  (33,650 bytes)
    r100_vo_delay_pdf_nSta22_0.5Mbps.csv  (40,040 bytes)
    r100_vo_delay_pdf_nSta24_0.5Mbps.csv  (45,372 bytes)
    r100_vo_delay_pdf_nSta26_0.5Mbps.csv  (65,358 bytes)
    r100_vo_delay_pdf_nSta28_0.5Mbps.csv  (49,188 bytes)
    r100_vo_delay_pdf_nSta2_0.5Mbps.csv  (1,139 bytes)
    r100_vo_delay_pdf_nSta30_0.5Mbps.csv  (66,420 bytes)
    r100_vo_delay_pdf_nSta32_0.5Mbps.csv  (85,641 bytes)
    r100_vo_delay_pdf_nSta34_0.5Mbps.csv  (172,193 bytes)
    r100_vo_delay_pdf_nSta36_0.5Mbps.csv  (177,896 bytes)
    r100_vo_delay_pdf_nSta38_0.5Mbps.csv  (177,514 bytes)
    r100_vo_delay_pdf_nSta40_0.5Mbps.csv  (178,696 bytes)
    r100_vo_delay_pdf_nSta42_0.5Mbps.csv  (175,692 bytes)
    r100_vo_delay_pdf_nSta44_0.5Mbps.csv  (179,634 bytes)
    r100_vo_delay_pdf_nSta46_0.5Mbps.csv  (176,359 bytes)
    r100_vo_delay_pdf_nSta48_0.5Mbps.csv  (176,835 bytes)
    r100_vo_delay_pdf_nSta4_0.5Mbps.csv  (5,839 bytes)
    r100_vo_delay_pdf_nSta50_0.5Mbps.csv  (173,312 bytes)
    r100_vo_delay_pdf_nSta6_0.5Mbps.csv  (2,475 bytes)
    r100_vo_delay_pdf_nSta8_0.5Mbps.csv  (7,195 bytes)

  Plot files:
    vo_delay_probability_nSta10_0.5Mbps.pdf  (34,448 bytes)
    vo_delay_probability_nSta12_0.5Mbps.pdf  (35,423 bytes)
    vo_delay_probability_nSta14_0.5Mbps.pdf  (41,262 bytes)
    vo_delay_probability_nSta16_0.5Mbps.pdf  (36,189 bytes)
    vo_delay_probability_nSta18_0.5Mbps.pdf  (42,919 bytes)
    vo_delay_probability_nSta20_0.5Mbps.pdf  (40,891 bytes)
    vo_delay_probability_nSta22_0.5Mbps.pdf  (43,371 bytes)
    vo_delay_probability_nSta24_0.5Mbps.pdf  (52,215 bytes)
    vo_delay_probability_nSta26_0.5Mbps.pdf  (59,755 bytes)
    vo_delay_probability_nSta28_0.5Mbps.pdf  (50,849 bytes)
    vo_delay_probability_nSta2_0.5Mbps.pdf  (29,878 bytes)
    vo_delay_probability_nSta30_0.5Mbps.pdf  (56,199 bytes)
    vo_delay_probability_nSta32_0.5Mbps.pdf  (70,305 bytes)
    vo_delay_probability_nSta34_0.5Mbps.pdf  (232,808 bytes)
    vo_delay_probability_nSta36_0.5Mbps.pdf  (360,787 bytes)
    vo_delay_probability_nSta38_0.5Mbps.pdf  (400,850 bytes)
    vo_delay_probability_nSta40_0.5Mbps.pdf  (408,295 bytes)
    vo_delay_probability_nSta42_0.5Mbps.pdf  (400,388 bytes)
    vo_delay_probability_nSta44_0.5Mbps.pdf  (409,206 bytes)
    vo_delay_probability_nSta46_0.5Mbps.pdf  (412,395 bytes)
    vo_delay_probability_nSta48_0.5Mbps.pdf  (375,399 bytes)
    vo_delay_probability_nSta4_0.5Mbps.pdf  (31,023 bytes)
    vo_delay_probability_nSta50_0.5Mbps.pdf  (396,993 bytes)
    vo_delay_probability_nSta6_0.5Mbps.pdf  (30,820 bytes)
    vo_delay_probability_nSta8_0.5Mbps.pdf  (33,077 bytes)

  Log files:
    sim_log_nSta10_0.5Mbps.txt  (9,117 bytes)
    sim_log_nSta12_0.5Mbps.txt  (9,115 bytes)
    sim_log_nSta14_0.5Mbps.txt  (9,127 bytes)
    sim_log_nSta16_0.5Mbps.txt  (9,206 bytes)
    sim_log_nSta18_0.5Mbps.txt  (7,600 bytes)
    sim_log_nSta20_0.5Mbps.txt  (9,444 bytes)
    sim_log_nSta22_0.5Mbps.txt  (9,591 bytes)
    sim_log_nSta24_0.5Mbps.txt  (9,601 bytes)
    sim_log_nSta26_0.5Mbps.txt  (9,597 bytes)
    sim_log_nSta28_0.5Mbps.txt  (9,608 bytes)
    sim_log_nSta2_0.5Mbps.txt  (8,755 bytes)
    sim_log_nSta30_0.5Mbps.txt  (9,629 bytes)
    sim_log_nSta32_0.5Mbps.txt  (9,663 bytes)
    sim_log_nSta34_0.5Mbps.txt  (9,845 bytes)
    sim_log_nSta36_0.5Mbps.txt  (10,176 bytes)
    sim_log_nSta38_0.5Mbps.txt  (10,214 bytes)
    sim_log_nSta40_0.5Mbps.txt  (10,148 bytes)
    sim_log_nSta42_0.5Mbps.txt  (10,144 bytes)
    sim_log_nSta44_0.5Mbps.txt  (10,178 bytes)
    sim_log_nSta46_0.5Mbps.txt  (10,196 bytes)
    sim_log_nSta48_0.5Mbps.txt  (10,202 bytes)
    sim_log_nSta4_0.5Mbps.txt  (7,408 bytes)
    sim_log_nSta50_0.5Mbps.txt  (10,231 bytes)
    sim_log_nSta6_0.5Mbps.txt  (8,811 bytes)
    sim_log_nSta8_0.5Mbps.txt  (7,411 bytes)

  Statistics comparison:
    ratio_sweep_statistics_0.5Mbps.txt  (138,056 bytes)
════════════════════════════════════════════════════════════

