nohup: ignoring input

╔══════════════════════════════════════════════════════════╗
║  VO Delay PDF Sweep (Parallel, Multi-Run Averaging)    ║
║  nSta = [2, 4, 6, 8, 10, 12, 14, 16, 18, 20, 22, 24, 26, 28, 30, 32, 34, 36, 38, 40, 42, 44, 46, 48, 50]
║  dataRate = 0.5Mbps    simTime = 10.0s
║  runs = 5    workers = 20
╚══════════════════════════════════════════════════════════╝

  Launching 25 nSta groups × 2 scenarios × 5 runs = 250 simulations
  (20 nSta groups in parallel)

  ✔ nSta= 2  P-EDCA   5/5 runs OK  elapsed=7.5s
  ✔ nSta= 2  EDCA     5/5 runs OK  elapsed=5.7s
  ✔ nSta= 4  P-EDCA   5/5 runs OK  elapsed=14.5s
  ✔ nSta= 4  EDCA     5/5 runs OK  elapsed=16.1s
  ✔ nSta= 6  P-EDCA   5/5 runs OK  elapsed=33.3s
  ✔ nSta= 6  EDCA     5/5 runs OK  elapsed=29.3s
  ✔ nSta= 8  P-EDCA   5/5 runs OK  elapsed=49.2s
  ✔ nSta= 8  EDCA     5/5 runs OK  elapsed=51.6s
  ✔ nSta=10  P-EDCA   5/5 runs OK  elapsed=85.2s
  ✔ nSta=10  EDCA     5/5 runs OK  elapsed=85.3s
  ✔ nSta=12  P-EDCA   5/5 runs OK  elapsed=117.8s
  ✔ nSta=12  EDCA     5/5 runs OK  elapsed=100.4s
  ✔ nSta=14  P-EDCA   5/5 runs OK  elapsed=159.3s
  ✔ nSta=14  EDCA     5/5 runs OK  elapsed=151.2s
  ✔ nSta=16  P-EDCA   5/5 runs OK  elapsed=198.0s
  ✔ nSta=16  EDCA     5/5 runs OK  elapsed=223.3s
  ✔ nSta=18  P-EDCA   5/5 runs OK  elapsed=257.9s
  ✔ nSta=18  EDCA     5/5 runs OK  elapsed=176.2s
  ✔ nSta=20  P-EDCA   5/5 runs OK  elapsed=269.6s
  ✔ nSta=20  EDCA     5/5 runs OK  elapsed=301.8s
  ✔ nSta=24  P-EDCA   5/5 runs OK  elapsed=336.9s
  ✔ nSta=24  EDCA     5/5 runs OK  elapsed=309.7s
  ✔ nSta=22  P-EDCA   5/5 runs OK  elapsed=418.6s
  ✔ nSta=22  EDCA     5/5 runs OK  elapsed=336.0s
  ✔ nSta=26  P-EDCA   5/5 runs OK  elapsed=430.2s
  ✔ nSta=26  EDCA     5/5 runs OK  elapsed=401.8s
  ✔ nSta=28  P-EDCA   5/5 runs OK  elapsed=404.2s
  ✔ nSta=28  EDCA     5/5 runs OK  elapsed=495.5s
  ✔ nSta=30  P-EDCA   5/5 runs OK  elapsed=544.4s
  ✔ nSta=30  EDCA     5/5 runs OK  elapsed=616.3s
  ✔ nSta=34  P-EDCA   5/5 runs OK  elapsed=602.8s
  ✔ nSta=34  EDCA     5/5 runs OK  elapsed=588.8s
  ✔ nSta=32  P-EDCA   5/5 runs OK  elapsed=627.3s
  ✔ nSta=32  EDCA     5/5 runs OK  elapsed=586.7s
  ✔ nSta=36  P-EDCA   5/5 runs OK  elapsed=788.3s
  ✔ nSta=36  EDCA     5/5 runs OK  elapsed=619.5s
  ✔ nSta=42  P-EDCA   5/5 runs OK  elapsed=740.7s
  ✔ nSta=42  EDCA     5/5 runs OK  elapsed=660.5s
  ✔ nSta=38  P-EDCA   5/5 runs OK  elapsed=787.4s
  ✔ nSta=38  EDCA     5/5 runs OK  elapsed=728.7s
  ✔ nSta=46  P-EDCA   5/5 runs OK  elapsed=820.1s
  ✔ nSta=46  EDCA     5/5 runs OK  elapsed=658.5s
  ✔ nSta=48  P-EDCA   5/5 runs OK  elapsed=790.4s
  ✔ nSta=48  EDCA     5/5 runs OK  elapsed=686.8s
  ✔ nSta=44  P-EDCA   5/5 runs OK  elapsed=796.4s
  ✔ nSta=44  EDCA     5/5 runs OK  elapsed=801.6s
  ✔ nSta=50  P-EDCA   5/5 runs OK  elapsed=806.0s
  ✔ nSta=50  EDCA     5/5 runs OK  elapsed=684.6s
  ✔ nSta=40  P-EDCA   5/5 runs OK  elapsed=903.1s
  ✔ nSta=40  EDCA     5/5 runs OK  elapsed=761.2s

────────────────────────────────────────────────────────────
  Generating plots...
────────────────────────────────────────────────────────────
    ✔ vo_delay_probability_nSta2_0.5Mbps.pdf
    ✔ vo_delay_probability_nSta4_0.5Mbps.pdf
    ✔ vo_delay_probability_nSta6_0.5Mbps.pdf
    ✔ vo_delay_probability_nSta8_0.5Mbps.pdf
    ✔ vo_delay_probability_nSta10_0.5Mbps.pdf
    ✔ vo_delay_probability_nSta12_0.5Mbps.pdf
    ✔ vo_delay_probability_nSta14_0.5Mbps.pdf
    ✔ vo_delay_probability_nSta16_0.5Mbps.pdf
    ✔ vo_delay_probability_nSta18_0.5Mbps.pdf
    ✔ vo_delay_probability_nSta20_0.5Mbps.pdf
    ✔ vo_delay_probability_nSta22_0.5Mbps.pdf
    ✔ vo_delay_probability_nSta24_0.5Mbps.pdf
    ✔ vo_delay_probability_nSta26_0.5Mbps.pdf
    ✔ vo_delay_probability_nSta28_0.5Mbps.pdf
    ✔ vo_delay_probability_nSta30_0.5Mbps.pdf
    ✔ vo_delay_probability_nSta32_0.5Mbps.pdf
    ✔ vo_delay_probability_nSta34_0.5Mbps.pdf
    ✔ vo_delay_probability_nSta36_0.5Mbps.pdf
    ✔ vo_delay_probability_nSta38_0.5Mbps.pdf
    ✔ vo_delay_probability_nSta40_0.5Mbps.pdf
    ✔ vo_delay_probability_nSta42_0.5Mbps.pdf
    ✔ vo_delay_probability_nSta44_0.5Mbps.pdf
    ✔ vo_delay_probability_nSta46_0.5Mbps.pdf
    ✔ vo_delay_probability_nSta48_0.5Mbps.pdf
    ✔ vo_delay_probability_nSta50_0.5Mbps.pdf

────────────────────────────────────────────────────────────
  Generating statistics comparison...
────────────────────────────────────────────────────────────
    ✔ PEDCA_vs_EDCA_statistics_0.5Mbps.txt  (46,982 bytes)

════════════════════════════════════════════════════════════
  Sweep complete!  Total time: 1733.4s
  Output directory: /home/wmnlab/Desktop/ns-3.45/scratch/delay_pdf/delay_result_0.5Mbps[2-50]_rts_on

  Averaged CSV files:
    edca_vo_delay_pdf_nSta10_0.5Mbps.csv  (7,469 bytes)
    edca_vo_delay_pdf_nSta12_0.5Mbps.csv  (5,268 bytes)
    edca_vo_delay_pdf_nSta14_0.5Mbps.csv  (12,780 bytes)
    edca_vo_delay_pdf_nSta16_0.5Mbps.csv  (22,228 bytes)
    edca_vo_delay_pdf_nSta18_0.5Mbps.csv  (37,526 bytes)
    edca_vo_delay_pdf_nSta20_0.5Mbps.csv  (31,609 bytes)
    edca_vo_delay_pdf_nSta22_0.5Mbps.csv  (47,227 bytes)
    edca_vo_delay_pdf_nSta24_0.5Mbps.csv  (55,385 bytes)
    edca_vo_delay_pdf_nSta26_0.5Mbps.csv  (65,781 bytes)
    edca_vo_delay_pdf_nSta28_0.5Mbps.csv  (63,330 bytes)
    edca_vo_delay_pdf_nSta2_0.5Mbps.csv  (1,099 bytes)
    edca_vo_delay_pdf_nSta30_0.5Mbps.csv  (90,616 bytes)
    edca_vo_delay_pdf_nSta32_0.5Mbps.csv  (95,063 bytes)
    edca_vo_delay_pdf_nSta34_0.5Mbps.csv  (150,714 bytes)
    edca_vo_delay_pdf_nSta36_0.5Mbps.csv  (159,412 bytes)
    edca_vo_delay_pdf_nSta38_0.5Mbps.csv  (161,390 bytes)
    edca_vo_delay_pdf_nSta40_0.5Mbps.csv  (160,244 bytes)
    edca_vo_delay_pdf_nSta42_0.5Mbps.csv  (157,389 bytes)
    edca_vo_delay_pdf_nSta44_0.5Mbps.csv  (160,811 bytes)
    edca_vo_delay_pdf_nSta46_0.5Mbps.csv  (159,577 bytes)
    edca_vo_delay_pdf_nSta48_0.5Mbps.csv  (157,677 bytes)
    edca_vo_delay_pdf_nSta4_0.5Mbps.csv  (900 bytes)
    edca_vo_delay_pdf_nSta50_0.5Mbps.csv  (157,967 bytes)
    edca_vo_delay_pdf_nSta6_0.5Mbps.csv  (2,282 bytes)
    edca_vo_delay_pdf_nSta8_0.5Mbps.csv  (6,587 bytes)
    pedca_vo_delay_pdf_nSta10_0.5Mbps.csv  (7,423 bytes)
    pedca_vo_delay_pdf_nSta12_0.5Mbps.csv  (5,189 bytes)
    pedca_vo_delay_pdf_nSta14_0.5Mbps.csv  (13,071 bytes)
    pedca_vo_delay_pdf_nSta16_0.5Mbps.csv  (25,158 bytes)
    pedca_vo_delay_pdf_nSta18_0.5Mbps.csv  (43,287 bytes)
    pedca_vo_delay_pdf_nSta20_0.5Mbps.csv  (35,359 bytes)
    pedca_vo_delay_pdf_nSta22_0.5Mbps.csv  (50,717 bytes)
    pedca_vo_delay_pdf_nSta24_0.5Mbps.csv  (62,819 bytes)
    pedca_vo_delay_pdf_nSta26_0.5Mbps.csv  (68,448 bytes)
    pedca_vo_delay_pdf_nSta28_0.5Mbps.csv  (74,872 bytes)
    pedca_vo_delay_pdf_nSta2_0.5Mbps.csv  (953 bytes)
    pedca_vo_delay_pdf_nSta30_0.5Mbps.csv  (100,991 bytes)
    pedca_vo_delay_pdf_nSta32_0.5Mbps.csv  (161,465 bytes)
    pedca_vo_delay_pdf_nSta34_0.5Mbps.csv  (179,130 bytes)
    pedca_vo_delay_pdf_nSta36_0.5Mbps.csv  (181,161 bytes)
    pedca_vo_delay_pdf_nSta38_0.5Mbps.csv  (180,083 bytes)
    pedca_vo_delay_pdf_nSta40_0.5Mbps.csv  (180,098 bytes)
    pedca_vo_delay_pdf_nSta42_0.5Mbps.csv  (175,981 bytes)
    pedca_vo_delay_pdf_nSta44_0.5Mbps.csv  (178,104 bytes)
    pedca_vo_delay_pdf_nSta46_0.5Mbps.csv  (177,085 bytes)
    pedca_vo_delay_pdf_nSta48_0.5Mbps.csv  (175,585 bytes)
    pedca_vo_delay_pdf_nSta4_0.5Mbps.csv  (883 bytes)
    pedca_vo_delay_pdf_nSta50_0.5Mbps.csv  (174,982 bytes)
    pedca_vo_delay_pdf_nSta6_0.5Mbps.csv  (2,281 bytes)
    pedca_vo_delay_pdf_nSta8_0.5Mbps.csv  (6,733 bytes)

  Plot files:
    vo_delay_probability_nSta10_0.5Mbps.pdf  (43,542 bytes)
    vo_delay_probability_nSta12_0.5Mbps.pdf  (43,306 bytes)
    vo_delay_probability_nSta14_0.5Mbps.pdf  (54,130 bytes)
    vo_delay_probability_nSta16_0.5Mbps.pdf  (70,253 bytes)
    vo_delay_probability_nSta18_0.5Mbps.pdf  (85,027 bytes)
    vo_delay_probability_nSta20_0.5Mbps.pdf  (80,452 bytes)
    vo_delay_probability_nSta22_0.5Mbps.pdf  (98,749 bytes)
    vo_delay_probability_nSta24_0.5Mbps.pdf  (118,256 bytes)
    vo_delay_probability_nSta26_0.5Mbps.pdf  (133,255 bytes)
    vo_delay_probability_nSta28_0.5Mbps.pdf  (145,397 bytes)
    vo_delay_probability_nSta2_0.5Mbps.pdf  (28,629 bytes)
    vo_delay_probability_nSta30_0.5Mbps.pdf  (193,714 bytes)
    vo_delay_probability_nSta32_0.5Mbps.pdf  (249,653 bytes)
    vo_delay_probability_nSta34_0.5Mbps.pdf  (307,694 bytes)
    vo_delay_probability_nSta36_0.5Mbps.pdf  (377,422 bytes)
    vo_delay_probability_nSta38_0.5Mbps.pdf  (364,080 bytes)
    vo_delay_probability_nSta40_0.5Mbps.pdf  (406,079 bytes)
    vo_delay_probability_nSta42_0.5Mbps.pdf  (411,508 bytes)
    vo_delay_probability_nSta44_0.5Mbps.pdf  (436,659 bytes)
    vo_delay_probability_nSta46_0.5Mbps.pdf  (389,804 bytes)
    vo_delay_probability_nSta48_0.5Mbps.pdf  (421,280 bytes)
    vo_delay_probability_nSta4_0.5Mbps.pdf  (29,331 bytes)
    vo_delay_probability_nSta50_0.5Mbps.pdf  (435,812 bytes)
    vo_delay_probability_nSta6_0.5Mbps.pdf  (34,598 bytes)
    vo_delay_probability_nSta8_0.5Mbps.pdf  (46,460 bytes)

  Log files:
    sim_log_nSta10_0.5Mbps.txt  (3,093 bytes)
    sim_log_nSta12_0.5Mbps.txt  (2,531 bytes)
    sim_log_nSta14_0.5Mbps.txt  (3,095 bytes)
    sim_log_nSta16_0.5Mbps.txt  (2,531 bytes)
    sim_log_nSta18_0.5Mbps.txt  (2,535 bytes)
    sim_log_nSta20_0.5Mbps.txt  (3,099 bytes)
    sim_log_nSta22_0.5Mbps.txt  (3,170 bytes)
    sim_log_nSta24_0.5Mbps.txt  (3,177 bytes)
    sim_log_nSta26_0.5Mbps.txt  (2,895 bytes)
    sim_log_nSta28_0.5Mbps.txt  (3,248 bytes)
    sim_log_nSta2_0.5Mbps.txt  (2,522 bytes)
    sim_log_nSta30_0.5Mbps.txt  (3,263 bytes)
    sim_log_nSta32_0.5Mbps.txt  (3,366 bytes)
    sim_log_nSta34_0.5Mbps.txt  (3,377 bytes)
    sim_log_nSta36_0.5Mbps.txt  (3,381 bytes)
    sim_log_nSta38_0.5Mbps.txt  (3,401 bytes)
    sim_log_nSta40_0.5Mbps.txt  (3,383 bytes)
    sim_log_nSta42_0.5Mbps.txt  (3,386 bytes)
    sim_log_nSta44_0.5Mbps.txt  (3,387 bytes)
    sim_log_nSta46_0.5Mbps.txt  (3,388 bytes)
    sim_log_nSta48_0.5Mbps.txt  (3,389 bytes)
    sim_log_nSta4_0.5Mbps.txt  (2,524 bytes)
    sim_log_nSta50_0.5Mbps.txt  (3,388 bytes)
    sim_log_nSta6_0.5Mbps.txt  (3,088 bytes)
    sim_log_nSta8_0.5Mbps.txt  (2,524 bytes)

  Statistics comparison:
    PEDCA_vs_EDCA_statistics_0.5Mbps.txt  (46,982 bytes)
════════════════════════════════════════════════════════════

